<?xml version="1.0" encoding="UTF-8"?>
<TestRun id="3f0f85c2-b0a9-4ac8-bf79-5459c06dffb3" name="Sergey Zwezdin@OOGWAY 2011-05-21 10:38:50" runUser="OOGWAY\Sergey Zwezdin" xmlns="http://microsoft.com/schemas/VisualStudio/TeamTest/2010">
  <TestSettings name="Local" id="c8503907-1843-48ad-a13a-1bbb05c0eec0">
    <Description>These are default test settings for a local test run.</Description>
    <Deployment enabled="false" runDeploymentRoot="Sergey Zwezdin_OOGWAY 2011-05-21 10_38_50">
      <DeploymentItem filename="D:\OpenSource\Monads\Monads\bin\Debug\Monads.dll" />
    </Deployment>
    <Execution>
      <TestTypeSpecific />
      <AgentRule name="Execution Agents">
      </AgentRule>
    </Execution>
  </TestSettings>
  <Times creation="2011-05-21T10:38:50.5677518+06:00" queuing="2011-05-21T10:38:50.6827584+06:00" start="2011-05-21T10:38:50.7747636+06:00" finish="2011-05-21T10:38:51.6488136+06:00" />
  <ResultSummary outcome="Completed">
    <Counters total="24" executed="24" passed="24" error="0" failed="0" timeout="0" aborted="0" inconclusive="0" passedButRunAborted="0" notRunnable="0" notExecuted="0" disconnected="0" warning="0" completed="0" inProgress="0" pending="0" />
  </ResultSummary>
  <TestDefinitions>
    <UnitTest name="TryDoOnObjectWithExceptionImplicitArrayFails" storage="d:\opensource\monads\monads.tests\bin\debug\monads.tests.dll" id="50f13d38-bd44-b1a7-e0e7-1bf983178be2">
      <Execution id="f7ffa85d-330a-4977-a9a7-e985f36104c1" />
      <TestMethod codeBase="D:/OpenSource/Monads/Monads.Tests/bin/Debug/Monads.Tests.DLL" adapterTypeName="Microsoft.VisualStudio.TestTools.TestTypes.Unit.UnitTestAdapter, Microsoft.VisualStudio.QualityTools.Tips.UnitTest.Adapter, Version=10.0.0.0, Culture=neutral, PublicKeyToken=b03f5f7f11d50a3a" className="Monads.Tests.MaybeTests, Monads.Tests, Version=1.0.0.0, Culture=neutral, PublicKeyToken=null" name="TryDoOnObjectWithExceptionImplicitArrayFails" />
    </UnitTest>
    <UnitTest name="TryDoOnObjectWithExceptionImplicitLambda" storage="d:\opensource\monads\monads.tests\bin\debug\monads.tests.dll" id="e98ef332-dc09-754a-98c9-da9454646c8c">
      <Execution id="37b2bf61-7764-477c-804a-3f100aad4b42" />
      <TestMethod codeBase="D:/OpenSource/Monads/Monads.Tests/bin/Debug/Monads.Tests.DLL" adapterTypeName="Microsoft.VisualStudio.TestTools.TestTypes.Unit.UnitTestAdapter, Microsoft.VisualStudio.QualityTools.Tips.UnitTest.Adapter, Version=10.0.0.0, Culture=neutral, PublicKeyToken=b03f5f7f11d50a3a" className="Monads.Tests.MaybeTests, Monads.Tests, Version=1.0.0.0, Culture=neutral, PublicKeyToken=null" name="TryDoOnObjectWithExceptionImplicitLambda" />
    </UnitTest>
    <UnitTest name="DoOnObjectWithValue" storage="d:\opensource\monads\monads.tests\bin\debug\monads.tests.dll" id="f1eb2811-d940-512e-9730-3f8be1677e44">
      <Execution id="c4c381dc-f6ef-468b-8981-3bd4cb90e14c" />
      <TestMethod codeBase="D:/OpenSource/Monads/Monads.Tests/bin/Debug/Monads.Tests.DLL" adapterTypeName="Microsoft.VisualStudio.TestTools.TestTypes.Unit.UnitTestAdapter, Microsoft.VisualStudio.QualityTools.Tips.UnitTest.Adapter, Version=10.0.0.0, Culture=neutral, PublicKeyToken=b03f5f7f11d50a3a" className="Monads.Tests.MaybeTests, Monads.Tests, Version=1.0.0.0, Culture=neutral, PublicKeyToken=null" name="DoOnObjectWithValue" />
    </UnitTest>
    <UnitTest name="TryWithOnObjectWithExceptionImplicitArrayFails" storage="d:\opensource\monads\monads.tests\bin\debug\monads.tests.dll" id="7d45041b-d9ec-13d2-db90-acd1c4c18f24">
      <Execution id="ea06854c-8a95-4a10-8568-fe1b03ce8785" />
      <TestMethod codeBase="D:/OpenSource/Monads/Monads.Tests/bin/Debug/Monads.Tests.DLL" adapterTypeName="Microsoft.VisualStudio.TestTools.TestTypes.Unit.UnitTestAdapter, Microsoft.VisualStudio.QualityTools.Tips.UnitTest.Adapter, Version=10.0.0.0, Culture=neutral, PublicKeyToken=b03f5f7f11d50a3a" className="Monads.Tests.MaybeTests, Monads.Tests, Version=1.0.0.0, Culture=neutral, PublicKeyToken=null" name="TryWithOnObjectWithExceptionImplicitArrayFails" />
    </UnitTest>
    <UnitTest name="TryDoOnObjectWithValueNoException" storage="d:\opensource\monads\monads.tests\bin\debug\monads.tests.dll" id="536e4704-0b70-7f54-c643-68ceb1027b1d">
      <Execution id="158e9ee4-38ee-4980-aa3f-b4f5a2a11aed" />
      <TestMethod codeBase="D:/OpenSource/Monads/Monads.Tests/bin/Debug/Monads.Tests.DLL" adapterTypeName="Microsoft.VisualStudio.TestTools.TestTypes.Unit.UnitTestAdapter, Microsoft.VisualStudio.QualityTools.Tips.UnitTest.Adapter, Version=10.0.0.0, Culture=neutral, PublicKeyToken=b03f5f7f11d50a3a" className="Monads.Tests.MaybeTests, Monads.Tests, Version=1.0.0.0, Culture=neutral, PublicKeyToken=null" name="TryDoOnObjectWithValueNoException" />
    </UnitTest>
    <UnitTest name="TryWithOnObjectWithException" storage="d:\opensource\monads\monads.tests\bin\debug\monads.tests.dll" id="6c2d098c-4a90-181f-fd67-ac956c9fa4a4">
      <Execution id="54fa5c92-48f9-4e5b-bf06-6fb3fc70150e" />
      <TestMethod codeBase="D:/OpenSource/Monads/Monads.Tests/bin/Debug/Monads.Tests.DLL" adapterTypeName="Microsoft.VisualStudio.TestTools.TestTypes.Unit.UnitTestAdapter, Microsoft.VisualStudio.QualityTools.Tips.UnitTest.Adapter, Version=10.0.0.0, Culture=neutral, PublicKeyToken=b03f5f7f11d50a3a" className="Monads.Tests.MaybeTests, Monads.Tests, Version=1.0.0.0, Culture=neutral, PublicKeyToken=null" name="TryWithOnObjectWithException" />
    </UnitTest>
    <UnitTest name="TryDoOnObjectWithException" storage="d:\opensource\monads\monads.tests\bin\debug\monads.tests.dll" id="d06801cb-b188-6546-93d6-ac04f4afe609">
      <Execution id="8ada9030-4d73-4a57-94ca-2c9dab828d91" />
      <TestMethod codeBase="D:/OpenSource/Monads/Monads.Tests/bin/Debug/Monads.Tests.DLL" adapterTypeName="Microsoft.VisualStudio.TestTools.TestTypes.Unit.UnitTestAdapter, Microsoft.VisualStudio.QualityTools.Tips.UnitTest.Adapter, Version=10.0.0.0, Culture=neutral, PublicKeyToken=b03f5f7f11d50a3a" className="Monads.Tests.MaybeTests, Monads.Tests, Version=1.0.0.0, Culture=neutral, PublicKeyToken=null" name="TryDoOnObjectWithException" />
    </UnitTest>
    <UnitTest name="TryWithOnObjectWithExceptionLambda" storage="d:\opensource\monads\monads.tests\bin\debug\monads.tests.dll" id="7dc6c501-bca2-5258-29b2-c26a12d46d47">
      <Execution id="87773b74-3c5e-410c-97de-1215eb6f18ed" />
      <TestMethod codeBase="D:/OpenSource/Monads/Monads.Tests/bin/Debug/Monads.Tests.DLL" adapterTypeName="Microsoft.VisualStudio.TestTools.TestTypes.Unit.UnitTestAdapter, Microsoft.VisualStudio.QualityTools.Tips.UnitTest.Adapter, Version=10.0.0.0, Culture=neutral, PublicKeyToken=b03f5f7f11d50a3a" className="Monads.Tests.MaybeTests, Monads.Tests, Version=1.0.0.0, Culture=neutral, PublicKeyToken=null" name="TryWithOnObjectWithExceptionLambda" />
    </UnitTest>
    <UnitTest name="ReturnOnObjectWithNull" storage="d:\opensource\monads\monads.tests\bin\debug\monads.tests.dll" id="0a31d34c-1442-0d40-7fb2-1e136a64d8a2">
      <Execution id="5eed87fd-126c-4c1c-a1d6-b66b42473ede" />
      <TestMethod codeBase="D:/OpenSource/Monads/Monads.Tests/bin/Debug/Monads.Tests.DLL" adapterTypeName="Microsoft.VisualStudio.TestTools.TestTypes.Unit.UnitTestAdapter, Microsoft.VisualStudio.QualityTools.Tips.UnitTest.Adapter, Version=10.0.0.0, Culture=neutral, PublicKeyToken=b03f5f7f11d50a3a" className="Monads.Tests.MaybeTests, Monads.Tests, Version=1.0.0.0, Culture=neutral, PublicKeyToken=null" name="ReturnOnObjectWithNull" />
    </UnitTest>
    <UnitTest name="ReturnOnObjectWithValue" storage="d:\opensource\monads\monads.tests\bin\debug\monads.tests.dll" id="5a003b26-6f6b-c364-a42f-540bcd90efc3">
      <Execution id="bcf7e589-d043-41be-9b79-bd8bd322cfcb" />
      <TestMethod codeBase="D:/OpenSource/Monads/Monads.Tests/bin/Debug/Monads.Tests.DLL" adapterTypeName="Microsoft.VisualStudio.TestTools.TestTypes.Unit.UnitTestAdapter, Microsoft.VisualStudio.QualityTools.Tips.UnitTest.Adapter, Version=10.0.0.0, Culture=neutral, PublicKeyToken=b03f5f7f11d50a3a" className="Monads.Tests.MaybeTests, Monads.Tests, Version=1.0.0.0, Culture=neutral, PublicKeyToken=null" name="ReturnOnObjectWithValue" />
    </UnitTest>
    <UnitTest name="TryDoOnObjectWithNullNoException" storage="d:\opensource\monads\monads.tests\bin\debug\monads.tests.dll" id="5af9795c-c73d-fb39-bf6b-50c04c8ec890">
      <Execution id="5801f123-29e3-4488-95e9-33ccd4a17ce6" />
      <TestMethod codeBase="D:/OpenSource/Monads/Monads.Tests/bin/Debug/Monads.Tests.DLL" adapterTypeName="Microsoft.VisualStudio.TestTools.TestTypes.Unit.UnitTestAdapter, Microsoft.VisualStudio.QualityTools.Tips.UnitTest.Adapter, Version=10.0.0.0, Culture=neutral, PublicKeyToken=b03f5f7f11d50a3a" className="Monads.Tests.MaybeTests, Monads.Tests, Version=1.0.0.0, Culture=neutral, PublicKeyToken=null" name="TryDoOnObjectWithNullNoException" />
    </UnitTest>
    <UnitTest name="TryWithOnObjectWithExceptionImplicitArray" storage="d:\opensource\monads\monads.tests\bin\debug\monads.tests.dll" id="2ff7a22e-d57a-cdb7-c7c7-0e98ba5d0cf3">
      <Execution id="18e316c8-0c2c-49ca-b1a7-9dcc5306aba3" />
      <TestMethod codeBase="D:/OpenSource/Monads/Monads.Tests/bin/Debug/Monads.Tests.DLL" adapterTypeName="Microsoft.VisualStudio.TestTools.TestTypes.Unit.UnitTestAdapter, Microsoft.VisualStudio.QualityTools.Tips.UnitTest.Adapter, Version=10.0.0.0, Culture=neutral, PublicKeyToken=b03f5f7f11d50a3a" className="Monads.Tests.MaybeTests, Monads.Tests, Version=1.0.0.0, Culture=neutral, PublicKeyToken=null" name="TryWithOnObjectWithExceptionImplicitArray" />
    </UnitTest>
    <UnitTest name="WithOnObjectWithValue" storage="d:\opensource\monads\monads.tests\bin\debug\monads.tests.dll" id="4762ab7f-b795-4132-280a-542bb519199d">
      <Execution id="9556bd0c-9ccf-44ee-ab38-ac89c5d59cf4" />
      <TestMethod codeBase="D:/OpenSource/Monads/Monads.Tests/bin/Debug/Monads.Tests.DLL" adapterTypeName="Microsoft.VisualStudio.TestTools.TestTypes.Unit.UnitTestAdapter, Microsoft.VisualStudio.QualityTools.Tips.UnitTest.Adapter, Version=10.0.0.0, Culture=neutral, PublicKeyToken=b03f5f7f11d50a3a" className="Monads.Tests.MaybeTests, Monads.Tests, Version=1.0.0.0, Culture=neutral, PublicKeyToken=null" name="WithOnObjectWithValue" />
    </UnitTest>
    <UnitTest name="OfTypeOnIntVsString" storage="d:\opensource\monads\monads.tests\bin\debug\monads.tests.dll" id="db3ba8e7-ed68-a08f-0397-c51ddfa9cada">
      <Execution id="3a1850c7-b1e4-4157-afaa-a7685efd16ed" />
      <TestMethod codeBase="D:/OpenSource/Monads/Monads.Tests/bin/Debug/Monads.Tests.DLL" adapterTypeName="Microsoft.VisualStudio.TestTools.TestTypes.Unit.UnitTestAdapter, Microsoft.VisualStudio.QualityTools.Tips.UnitTest.Adapter, Version=10.0.0.0, Culture=neutral, PublicKeyToken=b03f5f7f11d50a3a" className="Monads.Tests.MaybeTests, Monads.Tests, Version=1.0.0.0, Culture=neutral, PublicKeyToken=null" name="OfTypeOnIntVsString" />
    </UnitTest>
    <UnitTest name="IfOnObjectWithNull" storage="d:\opensource\monads\monads.tests\bin\debug\monads.tests.dll" id="7e303737-1927-bfb4-8041-be806bafc89f">
      <Execution id="a0656f9b-e56b-4dbd-9de6-097deddc4d4a" />
      <TestMethod codeBase="D:/OpenSource/Monads/Monads.Tests/bin/Debug/Monads.Tests.DLL" adapterTypeName="Microsoft.VisualStudio.TestTools.TestTypes.Unit.UnitTestAdapter, Microsoft.VisualStudio.QualityTools.Tips.UnitTest.Adapter, Version=10.0.0.0, Culture=neutral, PublicKeyToken=b03f5f7f11d50a3a" className="Monads.Tests.MaybeTests, Monads.Tests, Version=1.0.0.0, Culture=neutral, PublicKeyToken=null" name="IfOnObjectWithNull" />
    </UnitTest>
    <UnitTest name="RecoverOnObjectWithValue" storage="d:\opensource\monads\monads.tests\bin\debug\monads.tests.dll" id="3dbecde9-dfb8-3136-8c6d-bd2aa54ed6e2">
      <Execution id="8c1ba1d0-4cb1-480a-832c-a45a448666ab" />
      <TestMethod codeBase="D:/OpenSource/Monads/Monads.Tests/bin/Debug/Monads.Tests.DLL" adapterTypeName="Microsoft.VisualStudio.TestTools.TestTypes.Unit.UnitTestAdapter, Microsoft.VisualStudio.QualityTools.Tips.UnitTest.Adapter, Version=10.0.0.0, Culture=neutral, PublicKeyToken=b03f5f7f11d50a3a" className="Monads.Tests.MaybeTests, Monads.Tests, Version=1.0.0.0, Culture=neutral, PublicKeyToken=null" name="RecoverOnObjectWithValue" />
    </UnitTest>
    <UnitTest name="OfTypeOnString" storage="d:\opensource\monads\monads.tests\bin\debug\monads.tests.dll" id="3c6901df-f833-fd6b-fdc7-8bc052e43b45">
      <Execution id="bdb9b6ce-74a3-43d6-9e34-d621e505288c" />
      <TestMethod codeBase="D:/OpenSource/Monads/Monads.Tests/bin/Debug/Monads.Tests.DLL" adapterTypeName="Microsoft.VisualStudio.TestTools.TestTypes.Unit.UnitTestAdapter, Microsoft.VisualStudio.QualityTools.Tips.UnitTest.Adapter, Version=10.0.0.0, Culture=neutral, PublicKeyToken=b03f5f7f11d50a3a" className="Monads.Tests.MaybeTests, Monads.Tests, Version=1.0.0.0, Culture=neutral, PublicKeyToken=null" name="OfTypeOnString" />
    </UnitTest>
    <UnitTest name="TryDoOnObjectWithExceptionImplicitArray" storage="d:\opensource\monads\monads.tests\bin\debug\monads.tests.dll" id="3346b668-a455-13f2-6fb6-2a72df25e08f">
      <Execution id="ffd0d287-7ee7-4095-a3b7-4b3429d67f44" />
      <TestMethod codeBase="D:/OpenSource/Monads/Monads.Tests/bin/Debug/Monads.Tests.DLL" adapterTypeName="Microsoft.VisualStudio.TestTools.TestTypes.Unit.UnitTestAdapter, Microsoft.VisualStudio.QualityTools.Tips.UnitTest.Adapter, Version=10.0.0.0, Culture=neutral, PublicKeyToken=b03f5f7f11d50a3a" className="Monads.Tests.MaybeTests, Monads.Tests, Version=1.0.0.0, Culture=neutral, PublicKeyToken=null" name="TryDoOnObjectWithExceptionImplicitArray" />
    </UnitTest>
    <UnitTest name="OfTypeOnInt" storage="d:\opensource\monads\monads.tests\bin\debug\monads.tests.dll" id="8cd896e1-d3ee-92f5-9d53-c3e2578d646f">
      <Execution id="6312545e-149b-4f15-ab4f-35f4cd36f4bf" />
      <TestMethod codeBase="D:/OpenSource/Monads/Monads.Tests/bin/Debug/Monads.Tests.DLL" adapterTypeName="Microsoft.VisualStudio.TestTools.TestTypes.Unit.UnitTestAdapter, Microsoft.VisualStudio.QualityTools.Tips.UnitTest.Adapter, Version=10.0.0.0, Culture=neutral, PublicKeyToken=b03f5f7f11d50a3a" className="Monads.Tests.MaybeTests, Monads.Tests, Version=1.0.0.0, Culture=neutral, PublicKeyToken=null" name="OfTypeOnInt" />
    </UnitTest>
    <UnitTest name="WithOnObjectWithNull" storage="d:\opensource\monads\monads.tests\bin\debug\monads.tests.dll" id="78b112a1-d20e-169c-db71-1c04d9daa8bf">
      <Execution id="8a8f0e27-a262-4fe2-bb6a-32b0ce08c80a" />
      <TestMethod codeBase="D:/OpenSource/Monads/Monads.Tests/bin/Debug/Monads.Tests.DLL" adapterTypeName="Microsoft.VisualStudio.TestTools.TestTypes.Unit.UnitTestAdapter, Microsoft.VisualStudio.QualityTools.Tips.UnitTest.Adapter, Version=10.0.0.0, Culture=neutral, PublicKeyToken=b03f5f7f11d50a3a" className="Monads.Tests.MaybeTests, Monads.Tests, Version=1.0.0.0, Culture=neutral, PublicKeyToken=null" name="WithOnObjectWithNull" />
    </UnitTest>
    <UnitTest name="DoOnObjectWithNull" storage="d:\opensource\monads\monads.tests\bin\debug\monads.tests.dll" id="1c385e86-5f2f-3565-92a1-6dc2ff4cc9c3">
      <Execution id="770e5031-c2fb-4cfa-956f-c5c039de92ba" />
      <TestMethod codeBase="D:/OpenSource/Monads/Monads.Tests/bin/Debug/Monads.Tests.DLL" adapterTypeName="Microsoft.VisualStudio.TestTools.TestTypes.Unit.UnitTestAdapter, Microsoft.VisualStudio.QualityTools.Tips.UnitTest.Adapter, Version=10.0.0.0, Culture=neutral, PublicKeyToken=b03f5f7f11d50a3a" className="Monads.Tests.MaybeTests, Monads.Tests, Version=1.0.0.0, Culture=neutral, PublicKeyToken=null" name="DoOnObjectWithNull" />
    </UnitTest>
    <UnitTest name="IfNotOnObjectWithNull" storage="d:\opensource\monads\monads.tests\bin\debug\monads.tests.dll" id="a3b9314f-08f5-0b08-ded8-0f45fc658350">
      <Execution id="c3719b03-de6a-4930-9f44-96114f26c421" />
      <TestMethod codeBase="D:/OpenSource/Monads/Monads.Tests/bin/Debug/Monads.Tests.DLL" adapterTypeName="Microsoft.VisualStudio.TestTools.TestTypes.Unit.UnitTestAdapter, Microsoft.VisualStudio.QualityTools.Tips.UnitTest.Adapter, Version=10.0.0.0, Culture=neutral, PublicKeyToken=b03f5f7f11d50a3a" className="Monads.Tests.MaybeTests, Monads.Tests, Version=1.0.0.0, Culture=neutral, PublicKeyToken=null" name="IfNotOnObjectWithNull" />
    </UnitTest>
    <UnitTest name="IfOnObjectWithValue" storage="d:\opensource\monads\monads.tests\bin\debug\monads.tests.dll" id="e38d929c-a25e-10a6-50fa-2fc834800ee2">
      <Execution id="bed31243-b47e-419d-82e3-42eb1b34457b" />
      <TestMethod codeBase="D:/OpenSource/Monads/Monads.Tests/bin/Debug/Monads.Tests.DLL" adapterTypeName="Microsoft.VisualStudio.TestTools.TestTypes.Unit.UnitTestAdapter, Microsoft.VisualStudio.QualityTools.Tips.UnitTest.Adapter, Version=10.0.0.0, Culture=neutral, PublicKeyToken=b03f5f7f11d50a3a" className="Monads.Tests.MaybeTests, Monads.Tests, Version=1.0.0.0, Culture=neutral, PublicKeyToken=null" name="IfOnObjectWithValue" />
    </UnitTest>
    <UnitTest name="IfNotOnObjectWithValue" storage="d:\opensource\monads\monads.tests\bin\debug\monads.tests.dll" id="9e8ec41c-1209-aa80-888e-d51fa5c223ef">
      <Execution id="6416d019-bdcd-422b-b045-2616a19cf741" />
      <TestMethod codeBase="D:/OpenSource/Monads/Monads.Tests/bin/Debug/Monads.Tests.DLL" adapterTypeName="Microsoft.VisualStudio.TestTools.TestTypes.Unit.UnitTestAdapter, Microsoft.VisualStudio.QualityTools.Tips.UnitTest.Adapter, Version=10.0.0.0, Culture=neutral, PublicKeyToken=b03f5f7f11d50a3a" className="Monads.Tests.MaybeTests, Monads.Tests, Version=1.0.0.0, Culture=neutral, PublicKeyToken=null" name="IfNotOnObjectWithValue" />
    </UnitTest>
  </TestDefinitions>
  <TestLists>
    <TestList name="Results Not in a List" id="8c84fa94-04c1-424b-9868-57a2d4851a1d" />
    <TestList name="All Loaded Results" id="19431567-8539-422a-85d7-44ee4e166bda" />
  </TestLists>
  <TestEntries>
    <TestEntry testId="0a31d34c-1442-0d40-7fb2-1e136a64d8a2" executionId="5eed87fd-126c-4c1c-a1d6-b66b42473ede" testListId="8c84fa94-04c1-424b-9868-57a2d4851a1d" />
    <TestEntry testId="1c385e86-5f2f-3565-92a1-6dc2ff4cc9c3" executionId="770e5031-c2fb-4cfa-956f-c5c039de92ba" testListId="8c84fa94-04c1-424b-9868-57a2d4851a1d" />
    <TestEntry testId="2ff7a22e-d57a-cdb7-c7c7-0e98ba5d0cf3" executionId="18e316c8-0c2c-49ca-b1a7-9dcc5306aba3" testListId="8c84fa94-04c1-424b-9868-57a2d4851a1d" />
    <TestEntry testId="3346b668-a455-13f2-6fb6-2a72df25e08f" executionId="ffd0d287-7ee7-4095-a3b7-4b3429d67f44" testListId="8c84fa94-04c1-424b-9868-57a2d4851a1d" />
    <TestEntry testId="3c6901df-f833-fd6b-fdc7-8bc052e43b45" executionId="bdb9b6ce-74a3-43d6-9e34-d621e505288c" testListId="8c84fa94-04c1-424b-9868-57a2d4851a1d" />
    <TestEntry testId="3dbecde9-dfb8-3136-8c6d-bd2aa54ed6e2" executionId="8c1ba1d0-4cb1-480a-832c-a45a448666ab" testListId="8c84fa94-04c1-424b-9868-57a2d4851a1d" />
    <TestEntry testId="4762ab7f-b795-4132-280a-542bb519199d" executionId="9556bd0c-9ccf-44ee-ab38-ac89c5d59cf4" testListId="8c84fa94-04c1-424b-9868-57a2d4851a1d" />
    <TestEntry testId="50f13d38-bd44-b1a7-e0e7-1bf983178be2" executionId="f7ffa85d-330a-4977-a9a7-e985f36104c1" testListId="8c84fa94-04c1-424b-9868-57a2d4851a1d" />
    <TestEntry testId="536e4704-0b70-7f54-c643-68ceb1027b1d" executionId="158e9ee4-38ee-4980-aa3f-b4f5a2a11aed" testListId="8c84fa94-04c1-424b-9868-57a2d4851a1d" />
    <TestEntry testId="5a003b26-6f6b-c364-a42f-540bcd90efc3" executionId="bcf7e589-d043-41be-9b79-bd8bd322cfcb" testListId="8c84fa94-04c1-424b-9868-57a2d4851a1d" />
    <TestEntry testId="5af9795c-c73d-fb39-bf6b-50c04c8ec890" executionId="5801f123-29e3-4488-95e9-33ccd4a17ce6" testListId="8c84fa94-04c1-424b-9868-57a2d4851a1d" />
    <TestEntry testId="6c2d098c-4a90-181f-fd67-ac956c9fa4a4" executionId="54fa5c92-48f9-4e5b-bf06-6fb3fc70150e" testListId="8c84fa94-04c1-424b-9868-57a2d4851a1d" />
    <TestEntry testId="78b112a1-d20e-169c-db71-1c04d9daa8bf" executionId="8a8f0e27-a262-4fe2-bb6a-32b0ce08c80a" testListId="8c84fa94-04c1-424b-9868-57a2d4851a1d" />
    <TestEntry testId="7d45041b-d9ec-13d2-db90-acd1c4c18f24" executionId="ea06854c-8a95-4a10-8568-fe1b03ce8785" testListId="8c84fa94-04c1-424b-9868-57a2d4851a1d" />
    <TestEntry testId="7dc6c501-bca2-5258-29b2-c26a12d46d47" executionId="87773b74-3c5e-410c-97de-1215eb6f18ed" testListId="8c84fa94-04c1-424b-9868-57a2d4851a1d" />
    <TestEntry testId="7e303737-1927-bfb4-8041-be806bafc89f" executionId="a0656f9b-e56b-4dbd-9de6-097deddc4d4a" testListId="8c84fa94-04c1-424b-9868-57a2d4851a1d" />
    <TestEntry testId="8cd896e1-d3ee-92f5-9d53-c3e2578d646f" executionId="6312545e-149b-4f15-ab4f-35f4cd36f4bf" testListId="8c84fa94-04c1-424b-9868-57a2d4851a1d" />
    <TestEntry testId="9e8ec41c-1209-aa80-888e-d51fa5c223ef" executionId="6416d019-bdcd-422b-b045-2616a19cf741" testListId="8c84fa94-04c1-424b-9868-57a2d4851a1d" />
    <TestEntry testId="a3b9314f-08f5-0b08-ded8-0f45fc658350" executionId="c3719b03-de6a-4930-9f44-96114f26c421" testListId="8c84fa94-04c1-424b-9868-57a2d4851a1d" />
    <TestEntry testId="d06801cb-b188-6546-93d6-ac04f4afe609" executionId="8ada9030-4d73-4a57-94ca-2c9dab828d91" testListId="8c84fa94-04c1-424b-9868-57a2d4851a1d" />
    <TestEntry testId="db3ba8e7-ed68-a08f-0397-c51ddfa9cada" executionId="3a1850c7-b1e4-4157-afaa-a7685efd16ed" testListId="8c84fa94-04c1-424b-9868-57a2d4851a1d" />
    <TestEntry testId="e38d929c-a25e-10a6-50fa-2fc834800ee2" executionId="bed31243-b47e-419d-82e3-42eb1b34457b" testListId="8c84fa94-04c1-424b-9868-57a2d4851a1d" />
    <TestEntry testId="e98ef332-dc09-754a-98c9-da9454646c8c" executionId="37b2bf61-7764-477c-804a-3f100aad4b42" testListId="8c84fa94-04c1-424b-9868-57a2d4851a1d" />
    <TestEntry testId="f1eb2811-d940-512e-9730-3f8be1677e44" executionId="c4c381dc-f6ef-468b-8981-3bd4cb90e14c" testListId="8c84fa94-04c1-424b-9868-57a2d4851a1d" />
  </TestEntries>
  <Results>
    <UnitTestResult executionId="5eed87fd-126c-4c1c-a1d6-b66b42473ede" testId="0a31d34c-1442-0d40-7fb2-1e136a64d8a2" testName="ReturnOnObjectWithNull" computerName="OOGWAY" duration="00:00:00.0200396" startTime="2011-05-21T10:38:50.7917646+06:00" endTime="2011-05-21T10:38:51.1257837+06:00" testType="13cdc9d9-ddb5-4fa4-a97d-d965ccfc6d4b" outcome="Passed" testListId="8c84fa94-04c1-424b-9868-57a2d4851a1d" relativeResultsDirectory="5eed87fd-126c-4c1c-a1d6-b66b42473ede">
    </UnitTestResult>
    <UnitTestResult executionId="770e5031-c2fb-4cfa-956f-c5c039de92ba" testId="1c385e86-5f2f-3565-92a1-6dc2ff4cc9c3" testName="DoOnObjectWithNull" computerName="OOGWAY" duration="00:00:00.0057388" startTime="2011-05-21T10:38:51.1507851+06:00" endTime="2011-05-21T10:38:51.1617858+06:00" testType="13cdc9d9-ddb5-4fa4-a97d-d965ccfc6d4b" outcome="Passed" testListId="8c84fa94-04c1-424b-9868-57a2d4851a1d" relativeResultsDirectory="770e5031-c2fb-4cfa-956f-c5c039de92ba">
    </UnitTestResult>
    <UnitTestResult executionId="18e316c8-0c2c-49ca-b1a7-9dcc5306aba3" testId="2ff7a22e-d57a-cdb7-c7c7-0e98ba5d0cf3" testName="TryWithOnObjectWithExceptionImplicitArray" computerName="OOGWAY" duration="00:00:00.0037045" startTime="2011-05-21T10:38:51.1817869+06:00" endTime="2011-05-21T10:38:51.1887873+06:00" testType="13cdc9d9-ddb5-4fa4-a97d-d965ccfc6d4b" outcome="Passed" testListId="8c84fa94-04c1-424b-9868-57a2d4851a1d" relativeResultsDirectory="18e316c8-0c2c-49ca-b1a7-9dcc5306aba3">
    </UnitTestResult>
    <UnitTestResult executionId="ffd0d287-7ee7-4095-a3b7-4b3429d67f44" testId="3346b668-a455-13f2-6fb6-2a72df25e08f" testName="TryDoOnObjectWithExceptionImplicitArray" computerName="OOGWAY" duration="00:00:00.0063607" startTime="2011-05-21T10:38:51.1957877+06:00" endTime="2011-05-21T10:38:51.2117886+06:00" testType="13cdc9d9-ddb5-4fa4-a97d-d965ccfc6d4b" outcome="Passed" testListId="8c84fa94-04c1-424b-9868-57a2d4851a1d" relativeResultsDirectory="ffd0d287-7ee7-4095-a3b7-4b3429d67f44">
    </UnitTestResult>
    <UnitTestResult executionId="bdb9b6ce-74a3-43d6-9e34-d621e505288c" testId="3c6901df-f833-fd6b-fdc7-8bc052e43b45" testName="OfTypeOnString" computerName="OOGWAY" duration="00:00:00.0004204" startTime="2011-05-21T10:38:51.2167889+06:00" endTime="2011-05-21T10:38:51.2297897+06:00" testType="13cdc9d9-ddb5-4fa4-a97d-d965ccfc6d4b" outcome="Passed" testListId="8c84fa94-04c1-424b-9868-57a2d4851a1d" relativeResultsDirectory="bdb9b6ce-74a3-43d6-9e34-d621e505288c">
    </UnitTestResult>
    <UnitTestResult executionId="8c1ba1d0-4cb1-480a-832c-a45a448666ab" testId="3dbecde9-dfb8-3136-8c6d-bd2aa54ed6e2" testName="RecoverOnObjectWithValue" computerName="OOGWAY" duration="00:00:00.0032233" startTime="2011-05-21T10:38:51.2417903+06:00" endTime="2011-05-21T10:38:51.2617915+06:00" testType="13cdc9d9-ddb5-4fa4-a97d-d965ccfc6d4b" outcome="Passed" testListId="8c84fa94-04c1-424b-9868-57a2d4851a1d" relativeResultsDirectory="8c1ba1d0-4cb1-480a-832c-a45a448666ab">
    </UnitTestResult>
    <UnitTestResult executionId="9556bd0c-9ccf-44ee-ab38-ac89c5d59cf4" testId="4762ab7f-b795-4132-280a-542bb519199d" testName="WithOnObjectWithValue" computerName="OOGWAY" duration="00:00:00.0076987" startTime="2011-05-21T10:38:51.2727921+06:00" endTime="2011-05-21T10:38:51.2837927+06:00" testType="13cdc9d9-ddb5-4fa4-a97d-d965ccfc6d4b" outcome="Passed" testListId="8c84fa94-04c1-424b-9868-57a2d4851a1d" relativeResultsDirectory="9556bd0c-9ccf-44ee-ab38-ac89c5d59cf4">
    </UnitTestResult>
    <UnitTestResult executionId="f7ffa85d-330a-4977-a9a7-e985f36104c1" testId="50f13d38-bd44-b1a7-e0e7-1bf983178be2" testName="TryDoOnObjectWithExceptionImplicitArrayFails" computerName="OOGWAY" duration="00:00:00.0018174" startTime="2011-05-21T10:38:51.2947934+06:00" endTime="2011-05-21T10:38:51.3007937+06:00" testType="13cdc9d9-ddb5-4fa4-a97d-d965ccfc6d4b" outcome="Passed" testListId="8c84fa94-04c1-424b-9868-57a2d4851a1d" relativeResultsDirectory="f7ffa85d-330a-4977-a9a7-e985f36104c1">
    </UnitTestResult>
    <UnitTestResult executionId="158e9ee4-38ee-4980-aa3f-b4f5a2a11aed" testId="536e4704-0b70-7f54-c643-68ceb1027b1d" testName="TryDoOnObjectWithValueNoException" computerName="OOGWAY" duration="00:00:00.0019919" startTime="2011-05-21T10:38:51.3067941+06:00" endTime="2011-05-21T10:38:51.3137945+06:00" testType="13cdc9d9-ddb5-4fa4-a97d-d965ccfc6d4b" outcome="Passed" testListId="8c84fa94-04c1-424b-9868-57a2d4851a1d" relativeResultsDirectory="158e9ee4-38ee-4980-aa3f-b4f5a2a11aed">
    </UnitTestResult>
    <UnitTestResult executionId="bcf7e589-d043-41be-9b79-bd8bd322cfcb" testId="5a003b26-6f6b-c364-a42f-540bcd90efc3" testName="ReturnOnObjectWithValue" computerName="OOGWAY" duration="00:00:00.0006330" startTime="2011-05-21T10:38:51.3287953+06:00" endTime="2011-05-21T10:38:51.3377958+06:00" testType="13cdc9d9-ddb5-4fa4-a97d-d965ccfc6d4b" outcome="Passed" testListId="8c84fa94-04c1-424b-9868-57a2d4851a1d" relativeResultsDirectory="bcf7e589-d043-41be-9b79-bd8bd322cfcb">
    </UnitTestResult>
    <UnitTestResult executionId="5801f123-29e3-4488-95e9-33ccd4a17ce6" testId="5af9795c-c73d-fb39-bf6b-50c04c8ec890" testName="TryDoOnObjectWithNullNoException" computerName="OOGWAY" duration="00:00:00.0077410" startTime="2011-05-21T10:38:51.3437962+06:00" endTime="2011-05-21T10:38:51.3777981+06:00" testType="13cdc9d9-ddb5-4fa4-a97d-d965ccfc6d4b" outcome="Passed" testListId="8c84fa94-04c1-424b-9868-57a2d4851a1d" relativeResultsDirectory="5801f123-29e3-4488-95e9-33ccd4a17ce6">
    </UnitTestResult>
    <UnitTestResult executionId="54fa5c92-48f9-4e5b-bf06-6fb3fc70150e" testId="6c2d098c-4a90-181f-fd67-ac956c9fa4a4" testName="TryWithOnObjectWithException" computerName="OOGWAY" duration="00:00:00.0029098" startTime="2011-05-21T10:38:51.3937990+06:00" endTime="2011-05-21T10:38:51.4118001+06:00" testType="13cdc9d9-ddb5-4fa4-a97d-d965ccfc6d4b" outcome="Passed" testListId="8c84fa94-04c1-424b-9868-57a2d4851a1d" relativeResultsDirectory="54fa5c92-48f9-4e5b-bf06-6fb3fc70150e">
    </UnitTestResult>
    <UnitTestResult executionId="8a8f0e27-a262-4fe2-bb6a-32b0ce08c80a" testId="78b112a1-d20e-169c-db71-1c04d9daa8bf" testName="WithOnObjectWithNull" computerName="OOGWAY" duration="00:00:00.0011193" startTime="2011-05-21T10:38:51.4148002+06:00" endTime="2011-05-21T10:38:51.4298011+06:00" testType="13cdc9d9-ddb5-4fa4-a97d-d965ccfc6d4b" outcome="Passed" testListId="8c84fa94-04c1-424b-9868-57a2d4851a1d" relativeResultsDirectory="8a8f0e27-a262-4fe2-bb6a-32b0ce08c80a">
    </UnitTestResult>
    <UnitTestResult executionId="ea06854c-8a95-4a10-8568-fe1b03ce8785" testId="7d45041b-d9ec-13d2-db90-acd1c4c18f24" testName="TryWithOnObjectWithExceptionImplicitArrayFails" computerName="OOGWAY" duration="00:00:00.0010800" startTime="2011-05-21T10:38:51.4348014+06:00" endTime="2011-05-21T10:38:51.4418018+06:00" testType="13cdc9d9-ddb5-4fa4-a97d-d965ccfc6d4b" outcome="Passed" testListId="8c84fa94-04c1-424b-9868-57a2d4851a1d" relativeResultsDirectory="ea06854c-8a95-4a10-8568-fe1b03ce8785">
    </UnitTestResult>
    <UnitTestResult executionId="87773b74-3c5e-410c-97de-1215eb6f18ed" testId="7dc6c501-bca2-5258-29b2-c26a12d46d47" testName="TryWithOnObjectWithExceptionLambda" computerName="OOGWAY" duration="00:00:00.0020265" startTime="2011-05-21T10:38:51.4478021+06:00" endTime="2011-05-21T10:38:51.4568026+06:00" testType="13cdc9d9-ddb5-4fa4-a97d-d965ccfc6d4b" outcome="Passed" testListId="8c84fa94-04c1-424b-9868-57a2d4851a1d" relativeResultsDirectory="87773b74-3c5e-410c-97de-1215eb6f18ed">
    </UnitTestResult>
    <UnitTestResult executionId="a0656f9b-e56b-4dbd-9de6-097deddc4d4a" testId="7e303737-1927-bfb4-8041-be806bafc89f" testName="IfOnObjectWithNull" computerName="OOGWAY" duration="00:00:00.0012207" startTime="2011-05-21T10:38:51.4598028+06:00" endTime="2011-05-21T10:38:51.4708034+06:00" testType="13cdc9d9-ddb5-4fa4-a97d-d965ccfc6d4b" outcome="Passed" testListId="8c84fa94-04c1-424b-9868-57a2d4851a1d" relativeResultsDirectory="a0656f9b-e56b-4dbd-9de6-097deddc4d4a">
    </UnitTestResult>
    <UnitTestResult executionId="6312545e-149b-4f15-ab4f-35f4cd36f4bf" testId="8cd896e1-d3ee-92f5-9d53-c3e2578d646f" testName="OfTypeOnInt" computerName="OOGWAY" duration="00:00:00.0015492" startTime="2011-05-21T10:38:51.4758037+06:00" endTime="2011-05-21T10:38:51.4938048+06:00" testType="13cdc9d9-ddb5-4fa4-a97d-d965ccfc6d4b" outcome="Passed" testListId="8c84fa94-04c1-424b-9868-57a2d4851a1d" relativeResultsDirectory="6312545e-149b-4f15-ab4f-35f4cd36f4bf">
    </UnitTestResult>
    <UnitTestResult executionId="6416d019-bdcd-422b-b045-2616a19cf741" testId="9e8ec41c-1209-aa80-888e-d51fa5c223ef" testName="IfNotOnObjectWithValue" computerName="OOGWAY" duration="00:00:00.0023409" startTime="2011-05-21T10:38:51.5128058+06:00" endTime="2011-05-21T10:38:51.5308069+06:00" testType="13cdc9d9-ddb5-4fa4-a97d-d965ccfc6d4b" outcome="Passed" testListId="8c84fa94-04c1-424b-9868-57a2d4851a1d" relativeResultsDirectory="6416d019-bdcd-422b-b045-2616a19cf741">
    </UnitTestResult>
    <UnitTestResult executionId="c3719b03-de6a-4930-9f44-96114f26c421" testId="a3b9314f-08f5-0b08-ded8-0f45fc658350" testName="IfNotOnObjectWithNull" computerName="OOGWAY" duration="00:00:00.0053158" startTime="2011-05-21T10:38:51.5338070+06:00" endTime="2011-05-21T10:38:51.5578084+06:00" testType="13cdc9d9-ddb5-4fa4-a97d-d965ccfc6d4b" outcome="Passed" testListId="8c84fa94-04c1-424b-9868-57a2d4851a1d" relativeResultsDirectory="c3719b03-de6a-4930-9f44-96114f26c421">
    </UnitTestResult>
    <UnitTestResult executionId="8ada9030-4d73-4a57-94ca-2c9dab828d91" testId="d06801cb-b188-6546-93d6-ac04f4afe609" testName="TryDoOnObjectWithException" computerName="OOGWAY" duration="00:00:00.0013896" startTime="2011-05-21T10:38:51.5738093+06:00" endTime="2011-05-21T10:38:51.5808097+06:00" testType="13cdc9d9-ddb5-4fa4-a97d-d965ccfc6d4b" outcome="Passed" testListId="8c84fa94-04c1-424b-9868-57a2d4851a1d" relativeResultsDirectory="8ada9030-4d73-4a57-94ca-2c9dab828d91">
    </UnitTestResult>
    <UnitTestResult executionId="3a1850c7-b1e4-4157-afaa-a7685efd16ed" testId="db3ba8e7-ed68-a08f-0397-c51ddfa9cada" testName="OfTypeOnIntVsString" computerName="OOGWAY" duration="00:00:00.0002673" startTime="2011-05-21T10:38:51.5848100+06:00" endTime="2011-05-21T10:38:51.5968106+06:00" testType="13cdc9d9-ddb5-4fa4-a97d-d965ccfc6d4b" outcome="Passed" testListId="8c84fa94-04c1-424b-9868-57a2d4851a1d" relativeResultsDirectory="3a1850c7-b1e4-4157-afaa-a7685efd16ed">
    </UnitTestResult>
    <UnitTestResult executionId="bed31243-b47e-419d-82e3-42eb1b34457b" testId="e38d929c-a25e-10a6-50fa-2fc834800ee2" testName="IfOnObjectWithValue" computerName="OOGWAY" duration="00:00:00.0008986" startTime="2011-05-21T10:38:51.5998108+06:00" endTime="2011-05-21T10:38:51.6058112+06:00" testType="13cdc9d9-ddb5-4fa4-a97d-d965ccfc6d4b" outcome="Passed" testListId="8c84fa94-04c1-424b-9868-57a2d4851a1d" relativeResultsDirectory="bed31243-b47e-419d-82e3-42eb1b34457b">
    </UnitTestResult>
    <UnitTestResult executionId="37b2bf61-7764-477c-804a-3f100aad4b42" testId="e98ef332-dc09-754a-98c9-da9454646c8c" testName="TryDoOnObjectWithExceptionImplicitLambda" computerName="OOGWAY" duration="00:00:00.0018268" startTime="2011-05-21T10:38:51.6088113+06:00" endTime="2011-05-21T10:38:51.6158117+06:00" testType="13cdc9d9-ddb5-4fa4-a97d-d965ccfc6d4b" outcome="Passed" testListId="8c84fa94-04c1-424b-9868-57a2d4851a1d" relativeResultsDirectory="37b2bf61-7764-477c-804a-3f100aad4b42">
    </UnitTestResult>
    <UnitTestResult executionId="c4c381dc-f6ef-468b-8981-3bd4cb90e14c" testId="f1eb2811-d940-512e-9730-3f8be1677e44" testName="DoOnObjectWithValue" computerName="OOGWAY" duration="00:00:00.0004662" startTime="2011-05-21T10:38:51.6188119+06:00" endTime="2011-05-21T10:38:51.6248123+06:00" testType="13cdc9d9-ddb5-4fa4-a97d-d965ccfc6d4b" outcome="Passed" testListId="8c84fa94-04c1-424b-9868-57a2d4851a1d" relativeResultsDirectory="c4c381dc-f6ef-468b-8981-3bd4cb90e14c">
    </UnitTestResult>
  </Results>
</TestRun>