<?xml version="1.0" encoding="UTF-8"?>
<TestRun id="c22d0f16-62d1-46d8-8411-58a3e76bb352" name="Sergey Zwezdin@OOGWAY 2011-05-21 10:37:01" runUser="OOGWAY\Sergey Zwezdin" xmlns="http://microsoft.com/schemas/VisualStudio/TeamTest/2010">
  <TestSettings name="Local" id="c8503907-1843-48ad-a13a-1bbb05c0eec0">
    <Description>These are default test settings for a local test run.</Description>
    <Deployment enabled="false" runDeploymentRoot="Sergey Zwezdin_OOGWAY 2011-05-21 10_37_01">
      <DeploymentItem filename="D:\OpenSource\Monads\Monads\bin\Debug\Monads.dll" />
    </Deployment>
    <Execution>
      <TestTypeSpecific />
      <AgentRule name="Execution Agents">
      </AgentRule>
    </Execution>
  </TestSettings>
  <Times creation="2011-05-21T10:37:01.1454932+06:00" queuing="2011-05-21T10:37:01.2434988+06:00" start="2011-05-21T10:37:01.3125027+06:00" finish="2011-05-21T10:37:01.6885243+06:00" />
  <ResultSummary outcome="Completed">
    <Counters total="1" executed="1" passed="1" error="0" failed="0" timeout="0" aborted="0" inconclusive="0" passedButRunAborted="0" notRunnable="0" notExecuted="0" disconnected="0" warning="0" completed="0" inProgress="0" pending="0" />
  </ResultSummary>
  <TestDefinitions>
    <UnitTest name="TryWithOnObjectWithException" storage="d:\opensource\monads\monads.tests\bin\debug\monads.tests.dll" id="6c2d098c-4a90-181f-fd67-ac956c9fa4a4">
      <Execution id="4b2cbb29-00c9-433f-bd69-151a120d9e27" />
      <TestMethod codeBase="D:/OpenSource/Monads/Monads.Tests/bin/Debug/Monads.Tests.DLL" adapterTypeName="Microsoft.VisualStudio.TestTools.TestTypes.Unit.UnitTestAdapter, Microsoft.VisualStudio.QualityTools.Tips.UnitTest.Adapter, Version=10.0.0.0, Culture=neutral, PublicKeyToken=b03f5f7f11d50a3a" className="Monads.Tests.MaybeTests, Monads.Tests, Version=1.0.0.0, Culture=neutral, PublicKeyToken=null" name="TryWithOnObjectWithException" />
    </UnitTest>
  </TestDefinitions>
  <TestLists>
    <TestList name="Results Not in a List" id="8c84fa94-04c1-424b-9868-57a2d4851a1d" />
    <TestList name="All Loaded Results" id="19431567-8539-422a-85d7-44ee4e166bda" />
  </TestLists>
  <TestEntries>
    <TestEntry testId="6c2d098c-4a90-181f-fd67-ac956c9fa4a4" executionId="4b2cbb29-00c9-433f-bd69-151a120d9e27" testListId="8c84fa94-04c1-424b-9868-57a2d4851a1d" />
  </TestEntries>
  <Results>
    <UnitTestResult executionId="4b2cbb29-00c9-433f-bd69-151a120d9e27" testId="6c2d098c-4a90-181f-fd67-ac956c9fa4a4" testName="TryWithOnObjectWithException" computerName="OOGWAY" duration="00:00:00.0185960" startTime="2011-05-21T10:37:01.3285037+06:00" endTime="2011-05-21T10:37:01.6645229+06:00" testType="13cdc9d9-ddb5-4fa4-a97d-d965ccfc6d4b" outcome="Passed" testListId="8c84fa94-04c1-424b-9868-57a2d4851a1d" relativeResultsDirectory="4b2cbb29-00c9-433f-bd69-151a120d9e27">
    </UnitTestResult>
  </Results>
</TestRun>