<?xml version="1.0" encoding="UTF-8"?>
<TestRun id="0979dda8-f94c-4799-b597-911ff0c13af6" name="Sergey Zwezdin@OOGWAY 2011-05-21 10:13:12" runUser="OOGWAY\Sergey Zwezdin" xmlns="http://microsoft.com/schemas/VisualStudio/TeamTest/2010">
  <TestSettings name="Local" id="c8503907-1843-48ad-a13a-1bbb05c0eec0">
    <Description>These are default test settings for a local test run.</Description>
    <Deployment enabled="false" runDeploymentRoot="Sergey Zwezdin_OOGWAY 2011-05-21 10_13_12">
      <DeploymentItem filename="D:\OpenSource\Monads\Monads\bin\Debug\Monads.dll" />
    </Deployment>
    <Execution>
      <TestTypeSpecific />
      <AgentRule name="Execution Agents">
      </AgentRule>
    </Execution>
  </TestSettings>
  <Times creation="2011-05-21T10:13:12.9138030+06:00" queuing="2011-05-21T10:13:13.3388273+06:00" start="2011-05-21T10:13:13.4218321+06:00" finish="2011-05-21T10:13:14.2198777+06:00" />
  <ResultSummary outcome="Failed">
    <Counters total="18" executed="18" passed="17" error="0" failed="1" timeout="0" aborted="0" inconclusive="0" passedButRunAborted="0" notRunnable="0" notExecuted="0" disconnected="0" warning="0" completed="0" inProgress="0" pending="0" />
  </ResultSummary>
  <TestDefinitions>
    <UnitTest name="DoOnObjectWithValue" storage="d:\opensource\monads\monads.tests\bin\debug\monads.tests.dll" id="f1eb2811-d940-512e-9730-3f8be1677e44">
      <Execution id="115b45d8-5604-4b50-bc0d-f8024db5fde8" />
      <TestMethod codeBase="D:/OpenSource/Monads/Monads.Tests/bin/Debug/Monads.Tests.DLL" adapterTypeName="Microsoft.VisualStudio.TestTools.TestTypes.Unit.UnitTestAdapter, Microsoft.VisualStudio.QualityTools.Tips.UnitTest.Adapter, Version=10.0.0.0, Culture=neutral, PublicKeyToken=b03f5f7f11d50a3a" className="Monads.Tests.MaybeTests, Monads.Tests, Version=1.0.0.0, Culture=neutral, PublicKeyToken=null" name="DoOnObjectWithValue" />
    </UnitTest>
    <UnitTest name="IfOnObjectWithValue" storage="d:\opensource\monads\monads.tests\bin\debug\monads.tests.dll" id="e38d929c-a25e-10a6-50fa-2fc834800ee2">
      <Execution id="a15eb2b7-51d2-4c31-8d2a-1832ea47e839" />
      <TestMethod codeBase="D:/OpenSource/Monads/Monads.Tests/bin/Debug/Monads.Tests.DLL" adapterTypeName="Microsoft.VisualStudio.TestTools.TestTypes.Unit.UnitTestAdapter, Microsoft.VisualStudio.QualityTools.Tips.UnitTest.Adapter, Version=10.0.0.0, Culture=neutral, PublicKeyToken=b03f5f7f11d50a3a" className="Monads.Tests.MaybeTests, Monads.Tests, Version=1.0.0.0, Culture=neutral, PublicKeyToken=null" name="IfOnObjectWithValue" />
    </UnitTest>
    <UnitTest name="TryDoOnObjectWithValueNoException" storage="d:\opensource\monads\monads.tests\bin\debug\monads.tests.dll" id="536e4704-0b70-7f54-c643-68ceb1027b1d">
      <Execution id="a24f5cfd-ff93-4a0e-8fd9-bfebf62bd4ee" />
      <TestMethod codeBase="D:/OpenSource/Monads/Monads.Tests/bin/Debug/Monads.Tests.DLL" adapterTypeName="Microsoft.VisualStudio.TestTools.TestTypes.Unit.UnitTestAdapter, Microsoft.VisualStudio.QualityTools.Tips.UnitTest.Adapter, Version=10.0.0.0, Culture=neutral, PublicKeyToken=b03f5f7f11d50a3a" className="Monads.Tests.MaybeTests, Monads.Tests, Version=1.0.0.0, Culture=neutral, PublicKeyToken=null" name="TryDoOnObjectWithValueNoException" />
    </UnitTest>
    <UnitTest name="TryDoOnObjectWithException" storage="d:\opensource\monads\monads.tests\bin\debug\monads.tests.dll" id="d06801cb-b188-6546-93d6-ac04f4afe609">
      <Execution id="49326e37-77fa-438e-ace3-963aec98e3a0" />
      <TestMethod codeBase="D:/OpenSource/Monads/Monads.Tests/bin/Debug/Monads.Tests.DLL" adapterTypeName="Microsoft.VisualStudio.TestTools.TestTypes.Unit.UnitTestAdapter, Microsoft.VisualStudio.QualityTools.Tips.UnitTest.Adapter, Version=10.0.0.0, Culture=neutral, PublicKeyToken=b03f5f7f11d50a3a" className="Monads.Tests.MaybeTests, Monads.Tests, Version=1.0.0.0, Culture=neutral, PublicKeyToken=null" name="TryDoOnObjectWithException" />
    </UnitTest>
    <UnitTest name="OfTypeOnInt" storage="d:\opensource\monads\monads.tests\bin\debug\monads.tests.dll" id="8cd896e1-d3ee-92f5-9d53-c3e2578d646f">
      <Execution id="0c127c67-106d-4f0a-8c02-a0dec6a97856" />
      <TestMethod codeBase="D:/OpenSource/Monads/Monads.Tests/bin/Debug/Monads.Tests.DLL" adapterTypeName="Microsoft.VisualStudio.TestTools.TestTypes.Unit.UnitTestAdapter, Microsoft.VisualStudio.QualityTools.Tips.UnitTest.Adapter, Version=10.0.0.0, Culture=neutral, PublicKeyToken=b03f5f7f11d50a3a" className="Monads.Tests.MaybeTests, Monads.Tests, Version=1.0.0.0, Culture=neutral, PublicKeyToken=null" name="OfTypeOnInt" />
    </UnitTest>
    <UnitTest name="ReturnOnObjectWithNull" storage="d:\opensource\monads\monads.tests\bin\debug\monads.tests.dll" id="0a31d34c-1442-0d40-7fb2-1e136a64d8a2">
      <Execution id="7215f7f4-943a-42a6-b0c4-965f8dbc7aa1" />
      <TestMethod codeBase="D:/OpenSource/Monads/Monads.Tests/bin/Debug/Monads.Tests.DLL" adapterTypeName="Microsoft.VisualStudio.TestTools.TestTypes.Unit.UnitTestAdapter, Microsoft.VisualStudio.QualityTools.Tips.UnitTest.Adapter, Version=10.0.0.0, Culture=neutral, PublicKeyToken=b03f5f7f11d50a3a" className="Monads.Tests.MaybeTests, Monads.Tests, Version=1.0.0.0, Culture=neutral, PublicKeyToken=null" name="ReturnOnObjectWithNull" />
    </UnitTest>
    <UnitTest name="ReturnOnObjectWithValue" storage="d:\opensource\monads\monads.tests\bin\debug\monads.tests.dll" id="5a003b26-6f6b-c364-a42f-540bcd90efc3">
      <Execution id="47f93908-1753-4fb4-b02a-691561c04e07" />
      <TestMethod codeBase="D:/OpenSource/Monads/Monads.Tests/bin/Debug/Monads.Tests.DLL" adapterTypeName="Microsoft.VisualStudio.TestTools.TestTypes.Unit.UnitTestAdapter, Microsoft.VisualStudio.QualityTools.Tips.UnitTest.Adapter, Version=10.0.0.0, Culture=neutral, PublicKeyToken=b03f5f7f11d50a3a" className="Monads.Tests.MaybeTests, Monads.Tests, Version=1.0.0.0, Culture=neutral, PublicKeyToken=null" name="ReturnOnObjectWithValue" />
    </UnitTest>
    <UnitTest name="TryDoOnObjectWithNullNoException" storage="d:\opensource\monads\monads.tests\bin\debug\monads.tests.dll" id="5af9795c-c73d-fb39-bf6b-50c04c8ec890">
      <Execution id="32928c9d-671d-4088-86b9-526bc1ce28cc" />
      <TestMethod codeBase="D:/OpenSource/Monads/Monads.Tests/bin/Debug/Monads.Tests.DLL" adapterTypeName="Microsoft.VisualStudio.TestTools.TestTypes.Unit.UnitTestAdapter, Microsoft.VisualStudio.QualityTools.Tips.UnitTest.Adapter, Version=10.0.0.0, Culture=neutral, PublicKeyToken=b03f5f7f11d50a3a" className="Monads.Tests.MaybeTests, Monads.Tests, Version=1.0.0.0, Culture=neutral, PublicKeyToken=null" name="TryDoOnObjectWithNullNoException" />
    </UnitTest>
    <UnitTest name="WithOnObjectWithValue" storage="d:\opensource\monads\monads.tests\bin\debug\monads.tests.dll" id="4762ab7f-b795-4132-280a-542bb519199d">
      <Execution id="20fb34c9-d397-496b-a0f6-f9ac72cca2f8" />
      <TestMethod codeBase="D:/OpenSource/Monads/Monads.Tests/bin/Debug/Monads.Tests.DLL" adapterTypeName="Microsoft.VisualStudio.TestTools.TestTypes.Unit.UnitTestAdapter, Microsoft.VisualStudio.QualityTools.Tips.UnitTest.Adapter, Version=10.0.0.0, Culture=neutral, PublicKeyToken=b03f5f7f11d50a3a" className="Monads.Tests.MaybeTests, Monads.Tests, Version=1.0.0.0, Culture=neutral, PublicKeyToken=null" name="WithOnObjectWithValue" />
    </UnitTest>
    <UnitTest name="OfTypeOnIntVsString" storage="d:\opensource\monads\monads.tests\bin\debug\monads.tests.dll" id="db3ba8e7-ed68-a08f-0397-c51ddfa9cada">
      <Execution id="69e6adad-1a68-4bc4-a071-8180c76e4529" />
      <TestMethod codeBase="D:/OpenSource/Monads/Monads.Tests/bin/Debug/Monads.Tests.DLL" adapterTypeName="Microsoft.VisualStudio.TestTools.TestTypes.Unit.UnitTestAdapter, Microsoft.VisualStudio.QualityTools.Tips.UnitTest.Adapter, Version=10.0.0.0, Culture=neutral, PublicKeyToken=b03f5f7f11d50a3a" className="Monads.Tests.MaybeTests, Monads.Tests, Version=1.0.0.0, Culture=neutral, PublicKeyToken=null" name="OfTypeOnIntVsString" />
    </UnitTest>
    <UnitTest name="IfOnObjectWithNull" storage="d:\opensource\monads\monads.tests\bin\debug\monads.tests.dll" id="7e303737-1927-bfb4-8041-be806bafc89f">
      <Execution id="03e901a4-0517-4ed7-8d96-42d6523c4586" />
      <TestMethod codeBase="D:/OpenSource/Monads/Monads.Tests/bin/Debug/Monads.Tests.DLL" adapterTypeName="Microsoft.VisualStudio.TestTools.TestTypes.Unit.UnitTestAdapter, Microsoft.VisualStudio.QualityTools.Tips.UnitTest.Adapter, Version=10.0.0.0, Culture=neutral, PublicKeyToken=b03f5f7f11d50a3a" className="Monads.Tests.MaybeTests, Monads.Tests, Version=1.0.0.0, Culture=neutral, PublicKeyToken=null" name="IfOnObjectWithNull" />
    </UnitTest>
    <UnitTest name="RecoverOnObjectWithValue" storage="d:\opensource\monads\monads.tests\bin\debug\monads.tests.dll" id="3dbecde9-dfb8-3136-8c6d-bd2aa54ed6e2">
      <Execution id="75400b70-2f0e-44fa-b649-bbd86f169163" />
      <TestMethod codeBase="D:/OpenSource/Monads/Monads.Tests/bin/Debug/Monads.Tests.DLL" adapterTypeName="Microsoft.VisualStudio.TestTools.TestTypes.Unit.UnitTestAdapter, Microsoft.VisualStudio.QualityTools.Tips.UnitTest.Adapter, Version=10.0.0.0, Culture=neutral, PublicKeyToken=b03f5f7f11d50a3a" className="Monads.Tests.MaybeTests, Monads.Tests, Version=1.0.0.0, Culture=neutral, PublicKeyToken=null" name="RecoverOnObjectWithValue" />
    </UnitTest>
    <UnitTest name="OfTypeOnString" storage="d:\opensource\monads\monads.tests\bin\debug\monads.tests.dll" id="3c6901df-f833-fd6b-fdc7-8bc052e43b45">
      <Execution id="5b0d4f09-c01b-442d-9691-3ead8b63a48c" />
      <TestMethod codeBase="D:/OpenSource/Monads/Monads.Tests/bin/Debug/Monads.Tests.DLL" adapterTypeName="Microsoft.VisualStudio.TestTools.TestTypes.Unit.UnitTestAdapter, Microsoft.VisualStudio.QualityTools.Tips.UnitTest.Adapter, Version=10.0.0.0, Culture=neutral, PublicKeyToken=b03f5f7f11d50a3a" className="Monads.Tests.MaybeTests, Monads.Tests, Version=1.0.0.0, Culture=neutral, PublicKeyToken=null" name="OfTypeOnString" />
    </UnitTest>
    <UnitTest name="WithOnObjectWithNull" storage="d:\opensource\monads\monads.tests\bin\debug\monads.tests.dll" id="78b112a1-d20e-169c-db71-1c04d9daa8bf">
      <Execution id="e79ab5fb-0567-49f9-b790-7987eecf2557" />
      <TestMethod codeBase="D:/OpenSource/Monads/Monads.Tests/bin/Debug/Monads.Tests.DLL" adapterTypeName="Microsoft.VisualStudio.TestTools.TestTypes.Unit.UnitTestAdapter, Microsoft.VisualStudio.QualityTools.Tips.UnitTest.Adapter, Version=10.0.0.0, Culture=neutral, PublicKeyToken=b03f5f7f11d50a3a" className="Monads.Tests.MaybeTests, Monads.Tests, Version=1.0.0.0, Culture=neutral, PublicKeyToken=null" name="WithOnObjectWithNull" />
    </UnitTest>
    <UnitTest name="DoOnObjectWithNull" storage="d:\opensource\monads\monads.tests\bin\debug\monads.tests.dll" id="1c385e86-5f2f-3565-92a1-6dc2ff4cc9c3">
      <Execution id="1a0a8ec4-ab1e-4993-b19c-7af507344092" />
      <TestMethod codeBase="D:/OpenSource/Monads/Monads.Tests/bin/Debug/Monads.Tests.DLL" adapterTypeName="Microsoft.VisualStudio.TestTools.TestTypes.Unit.UnitTestAdapter, Microsoft.VisualStudio.QualityTools.Tips.UnitTest.Adapter, Version=10.0.0.0, Culture=neutral, PublicKeyToken=b03f5f7f11d50a3a" className="Monads.Tests.MaybeTests, Monads.Tests, Version=1.0.0.0, Culture=neutral, PublicKeyToken=null" name="DoOnObjectWithNull" />
    </UnitTest>
    <UnitTest name="IfNotOnObjectWithNull" storage="d:\opensource\monads\monads.tests\bin\debug\monads.tests.dll" id="a3b9314f-08f5-0b08-ded8-0f45fc658350">
      <Execution id="d2fc4f27-a722-4caa-8f39-01c862206164" />
      <TestMethod codeBase="D:/OpenSource/Monads/Monads.Tests/bin/Debug/Monads.Tests.DLL" adapterTypeName="Microsoft.VisualStudio.TestTools.TestTypes.Unit.UnitTestAdapter, Microsoft.VisualStudio.QualityTools.Tips.UnitTest.Adapter, Version=10.0.0.0, Culture=neutral, PublicKeyToken=b03f5f7f11d50a3a" className="Monads.Tests.MaybeTests, Monads.Tests, Version=1.0.0.0, Culture=neutral, PublicKeyToken=null" name="IfNotOnObjectWithNull" />
    </UnitTest>
    <UnitTest name="TryDoOnObjectWithExceptionImplicit1" storage="d:\opensource\monads\monads.tests\bin\debug\monads.tests.dll" id="4c4b490e-82bf-81d9-05ec-7eb07951709d">
      <Execution id="1b02f7ce-66d1-4199-8103-810e7cc1ffca" />
      <TestMethod codeBase="D:/OpenSource/Monads/Monads.Tests/bin/Debug/Monads.Tests.DLL" adapterTypeName="Microsoft.VisualStudio.TestTools.TestTypes.Unit.UnitTestAdapter, Microsoft.VisualStudio.QualityTools.Tips.UnitTest.Adapter, Version=10.0.0.0, Culture=neutral, PublicKeyToken=b03f5f7f11d50a3a" className="Monads.Tests.MaybeTests, Monads.Tests, Version=1.0.0.0, Culture=neutral, PublicKeyToken=null" name="TryDoOnObjectWithExceptionImplicit1" />
    </UnitTest>
    <UnitTest name="IfNotOnObjectWithValue" storage="d:\opensource\monads\monads.tests\bin\debug\monads.tests.dll" id="9e8ec41c-1209-aa80-888e-d51fa5c223ef">
      <Execution id="71140060-2cbe-41c8-9581-2501bc9fa9e5" />
      <TestMethod codeBase="D:/OpenSource/Monads/Monads.Tests/bin/Debug/Monads.Tests.DLL" adapterTypeName="Microsoft.VisualStudio.TestTools.TestTypes.Unit.UnitTestAdapter, Microsoft.VisualStudio.QualityTools.Tips.UnitTest.Adapter, Version=10.0.0.0, Culture=neutral, PublicKeyToken=b03f5f7f11d50a3a" className="Monads.Tests.MaybeTests, Monads.Tests, Version=1.0.0.0, Culture=neutral, PublicKeyToken=null" name="IfNotOnObjectWithValue" />
    </UnitTest>
  </TestDefinitions>
  <TestLists>
    <TestList name="Results Not in a List" id="8c84fa94-04c1-424b-9868-57a2d4851a1d" />
    <TestList name="All Loaded Results" id="19431567-8539-422a-85d7-44ee4e166bda" />
  </TestLists>
  <TestEntries>
    <TestEntry testId="0a31d34c-1442-0d40-7fb2-1e136a64d8a2" executionId="7215f7f4-943a-42a6-b0c4-965f8dbc7aa1" testListId="8c84fa94-04c1-424b-9868-57a2d4851a1d" />
    <TestEntry testId="1c385e86-5f2f-3565-92a1-6dc2ff4cc9c3" executionId="1a0a8ec4-ab1e-4993-b19c-7af507344092" testListId="8c84fa94-04c1-424b-9868-57a2d4851a1d" />
    <TestEntry testId="3c6901df-f833-fd6b-fdc7-8bc052e43b45" executionId="5b0d4f09-c01b-442d-9691-3ead8b63a48c" testListId="8c84fa94-04c1-424b-9868-57a2d4851a1d" />
    <TestEntry testId="3dbecde9-dfb8-3136-8c6d-bd2aa54ed6e2" executionId="75400b70-2f0e-44fa-b649-bbd86f169163" testListId="8c84fa94-04c1-424b-9868-57a2d4851a1d" />
    <TestEntry testId="4762ab7f-b795-4132-280a-542bb519199d" executionId="20fb34c9-d397-496b-a0f6-f9ac72cca2f8" testListId="8c84fa94-04c1-424b-9868-57a2d4851a1d" />
    <TestEntry testId="4c4b490e-82bf-81d9-05ec-7eb07951709d" executionId="1b02f7ce-66d1-4199-8103-810e7cc1ffca" testListId="8c84fa94-04c1-424b-9868-57a2d4851a1d" />
    <TestEntry testId="536e4704-0b70-7f54-c643-68ceb1027b1d" executionId="a24f5cfd-ff93-4a0e-8fd9-bfebf62bd4ee" testListId="8c84fa94-04c1-424b-9868-57a2d4851a1d" />
    <TestEntry testId="5a003b26-6f6b-c364-a42f-540bcd90efc3" executionId="47f93908-1753-4fb4-b02a-691561c04e07" testListId="8c84fa94-04c1-424b-9868-57a2d4851a1d" />
    <TestEntry testId="5af9795c-c73d-fb39-bf6b-50c04c8ec890" executionId="32928c9d-671d-4088-86b9-526bc1ce28cc" testListId="8c84fa94-04c1-424b-9868-57a2d4851a1d" />
    <TestEntry testId="78b112a1-d20e-169c-db71-1c04d9daa8bf" executionId="e79ab5fb-0567-49f9-b790-7987eecf2557" testListId="8c84fa94-04c1-424b-9868-57a2d4851a1d" />
    <TestEntry testId="7e303737-1927-bfb4-8041-be806bafc89f" executionId="03e901a4-0517-4ed7-8d96-42d6523c4586" testListId="8c84fa94-04c1-424b-9868-57a2d4851a1d" />
    <TestEntry testId="8cd896e1-d3ee-92f5-9d53-c3e2578d646f" executionId="0c127c67-106d-4f0a-8c02-a0dec6a97856" testListId="8c84fa94-04c1-424b-9868-57a2d4851a1d" />
    <TestEntry testId="9e8ec41c-1209-aa80-888e-d51fa5c223ef" executionId="71140060-2cbe-41c8-9581-2501bc9fa9e5" testListId="8c84fa94-04c1-424b-9868-57a2d4851a1d" />
    <TestEntry testId="a3b9314f-08f5-0b08-ded8-0f45fc658350" executionId="d2fc4f27-a722-4caa-8f39-01c862206164" testListId="8c84fa94-04c1-424b-9868-57a2d4851a1d" />
    <TestEntry testId="d06801cb-b188-6546-93d6-ac04f4afe609" executionId="49326e37-77fa-438e-ace3-963aec98e3a0" testListId="8c84fa94-04c1-424b-9868-57a2d4851a1d" />
    <TestEntry testId="db3ba8e7-ed68-a08f-0397-c51ddfa9cada" executionId="69e6adad-1a68-4bc4-a071-8180c76e4529" testListId="8c84fa94-04c1-424b-9868-57a2d4851a1d" />
    <TestEntry testId="e38d929c-a25e-10a6-50fa-2fc834800ee2" executionId="a15eb2b7-51d2-4c31-8d2a-1832ea47e839" testListId="8c84fa94-04c1-424b-9868-57a2d4851a1d" />
    <TestEntry testId="f1eb2811-d940-512e-9730-3f8be1677e44" executionId="115b45d8-5604-4b50-bc0d-f8024db5fde8" testListId="8c84fa94-04c1-424b-9868-57a2d4851a1d" />
  </TestEntries>
  <Results>
    <UnitTestResult executionId="7215f7f4-943a-42a6-b0c4-965f8dbc7aa1" testId="0a31d34c-1442-0d40-7fb2-1e136a64d8a2" testName="ReturnOnObjectWithNull" computerName="OOGWAY" duration="00:00:00.0167199" startTime="2011-05-21T10:13:13.4638345+06:00" endTime="2011-05-21T10:13:13.9468621+06:00" testType="13cdc9d9-ddb5-4fa4-a97d-d965ccfc6d4b" outcome="Passed" testListId="8c84fa94-04c1-424b-9868-57a2d4851a1d" relativeResultsDirectory="7215f7f4-943a-42a6-b0c4-965f8dbc7aa1">
    </UnitTestResult>
    <UnitTestResult executionId="1a0a8ec4-ab1e-4993-b19c-7af507344092" testId="1c385e86-5f2f-3565-92a1-6dc2ff4cc9c3" testName="DoOnObjectWithNull" computerName="OOGWAY" duration="00:00:00.0008858" startTime="2011-05-21T10:13:13.9518624+06:00" endTime="2011-05-21T10:13:13.9578627+06:00" testType="13cdc9d9-ddb5-4fa4-a97d-d965ccfc6d4b" outcome="Passed" testListId="8c84fa94-04c1-424b-9868-57a2d4851a1d" relativeResultsDirectory="1a0a8ec4-ab1e-4993-b19c-7af507344092">
    </UnitTestResult>
    <UnitTestResult executionId="5b0d4f09-c01b-442d-9691-3ead8b63a48c" testId="3c6901df-f833-fd6b-fdc7-8bc052e43b45" testName="OfTypeOnString" computerName="OOGWAY" duration="00:00:00.0009512" startTime="2011-05-21T10:13:13.9598628+06:00" endTime="2011-05-21T10:13:13.9668632+06:00" testType="13cdc9d9-ddb5-4fa4-a97d-d965ccfc6d4b" outcome="Passed" testListId="8c84fa94-04c1-424b-9868-57a2d4851a1d" relativeResultsDirectory="5b0d4f09-c01b-442d-9691-3ead8b63a48c">
    </UnitTestResult>
    <UnitTestResult executionId="75400b70-2f0e-44fa-b649-bbd86f169163" testId="3dbecde9-dfb8-3136-8c6d-bd2aa54ed6e2" testName="RecoverOnObjectWithValue" computerName="OOGWAY" duration="00:00:00.0006745" startTime="2011-05-21T10:13:13.9688634+06:00" endTime="2011-05-21T10:13:13.9748637+06:00" testType="13cdc9d9-ddb5-4fa4-a97d-d965ccfc6d4b" outcome="Passed" testListId="8c84fa94-04c1-424b-9868-57a2d4851a1d" relativeResultsDirectory="75400b70-2f0e-44fa-b649-bbd86f169163">
    </UnitTestResult>
    <UnitTestResult executionId="20fb34c9-d397-496b-a0f6-f9ac72cca2f8" testId="4762ab7f-b795-4132-280a-542bb519199d" testName="WithOnObjectWithValue" computerName="OOGWAY" duration="00:00:00.0022370" startTime="2011-05-21T10:13:13.9778639+06:00" endTime="2011-05-21T10:13:13.9848643+06:00" testType="13cdc9d9-ddb5-4fa4-a97d-d965ccfc6d4b" outcome="Passed" testListId="8c84fa94-04c1-424b-9868-57a2d4851a1d" relativeResultsDirectory="20fb34c9-d397-496b-a0f6-f9ac72cca2f8">
    </UnitTestResult>
    <UnitTestResult executionId="1b02f7ce-66d1-4199-8103-810e7cc1ffca" testId="4c4b490e-82bf-81d9-05ec-7eb07951709d" testName="TryDoOnObjectWithExceptionImplicit1" computerName="OOGWAY" duration="00:00:00.0356492" startTime="2011-05-21T10:13:13.9868644+06:00" endTime="2011-05-21T10:13:14.0278667+06:00" testType="13cdc9d9-ddb5-4fa4-a97d-d965ccfc6d4b" outcome="Failed" testListId="8c84fa94-04c1-424b-9868-57a2d4851a1d" relativeResultsDirectory="1b02f7ce-66d1-4199-8103-810e7cc1ffca">
      <Output>
        <ErrorInfo>
          <Message>Test method Monads.Tests.MaybeTests.TryDoOnObjectWithExceptionImplicit1 threw exception: 
System.NullReferenceException: Ссылка на объект не указывает на экземпляр объекта.</Message>
          <StackTrace>    в System.Monads.Maybe.TryDo[TSource](TSource source, Action`1 action, Func`2 exceptionChecker) в D:\OpenSource\Monads\Monads\Maybe.cs:строка 124
   в Monads.Tests.MaybeTests.TryDoOnObjectWithExceptionImplicit1() в D:\OpenSource\Monads\Monads.Tests\MaybeTests.cs:строка 198
</StackTrace>
        </ErrorInfo>
      </Output>
    </UnitTestResult>
    <UnitTestResult executionId="a24f5cfd-ff93-4a0e-8fd9-bfebf62bd4ee" testId="536e4704-0b70-7f54-c643-68ceb1027b1d" testName="TryDoOnObjectWithValueNoException" computerName="OOGWAY" duration="00:00:00.0019457" startTime="2011-05-21T10:13:14.0308669+06:00" endTime="2011-05-21T10:13:14.0408675+06:00" testType="13cdc9d9-ddb5-4fa4-a97d-d965ccfc6d4b" outcome="Passed" testListId="8c84fa94-04c1-424b-9868-57a2d4851a1d" relativeResultsDirectory="a24f5cfd-ff93-4a0e-8fd9-bfebf62bd4ee">
    </UnitTestResult>
    <UnitTestResult executionId="47f93908-1753-4fb4-b02a-691561c04e07" testId="5a003b26-6f6b-c364-a42f-540bcd90efc3" testName="ReturnOnObjectWithValue" computerName="OOGWAY" duration="00:00:00.0005235" startTime="2011-05-21T10:13:14.0438677+06:00" endTime="2011-05-21T10:13:14.0578685+06:00" testType="13cdc9d9-ddb5-4fa4-a97d-d965ccfc6d4b" outcome="Passed" testListId="8c84fa94-04c1-424b-9868-57a2d4851a1d" relativeResultsDirectory="47f93908-1753-4fb4-b02a-691561c04e07">
    </UnitTestResult>
    <UnitTestResult executionId="32928c9d-671d-4088-86b9-526bc1ce28cc" testId="5af9795c-c73d-fb39-bf6b-50c04c8ec890" testName="TryDoOnObjectWithNullNoException" computerName="OOGWAY" duration="00:00:00.0005449" startTime="2011-05-21T10:13:14.0608686+06:00" endTime="2011-05-21T10:13:14.0668690+06:00" testType="13cdc9d9-ddb5-4fa4-a97d-d965ccfc6d4b" outcome="Passed" testListId="8c84fa94-04c1-424b-9868-57a2d4851a1d" relativeResultsDirectory="32928c9d-671d-4088-86b9-526bc1ce28cc">
    </UnitTestResult>
    <UnitTestResult executionId="e79ab5fb-0567-49f9-b790-7987eecf2557" testId="78b112a1-d20e-169c-db71-1c04d9daa8bf" testName="WithOnObjectWithNull" computerName="OOGWAY" duration="00:00:00.0008708" startTime="2011-05-21T10:13:14.0708692+06:00" endTime="2011-05-21T10:13:14.0778696+06:00" testType="13cdc9d9-ddb5-4fa4-a97d-d965ccfc6d4b" outcome="Passed" testListId="8c84fa94-04c1-424b-9868-57a2d4851a1d" relativeResultsDirectory="e79ab5fb-0567-49f9-b790-7987eecf2557">
    </UnitTestResult>
    <UnitTestResult executionId="03e901a4-0517-4ed7-8d96-42d6523c4586" testId="7e303737-1927-bfb4-8041-be806bafc89f" testName="IfOnObjectWithNull" computerName="OOGWAY" duration="00:00:00.0010017" startTime="2011-05-21T10:13:14.0798697+06:00" endTime="2011-05-21T10:13:14.0848700+06:00" testType="13cdc9d9-ddb5-4fa4-a97d-d965ccfc6d4b" outcome="Passed" testListId="8c84fa94-04c1-424b-9868-57a2d4851a1d" relativeResultsDirectory="03e901a4-0517-4ed7-8d96-42d6523c4586">
    </UnitTestResult>
    <UnitTestResult executionId="0c127c67-106d-4f0a-8c02-a0dec6a97856" testId="8cd896e1-d3ee-92f5-9d53-c3e2578d646f" testName="OfTypeOnInt" computerName="OOGWAY" duration="00:00:00.0013161" startTime="2011-05-21T10:13:14.0878702+06:00" endTime="2011-05-21T10:13:14.0938705+06:00" testType="13cdc9d9-ddb5-4fa4-a97d-d965ccfc6d4b" outcome="Passed" testListId="8c84fa94-04c1-424b-9868-57a2d4851a1d" relativeResultsDirectory="0c127c67-106d-4f0a-8c02-a0dec6a97856">
    </UnitTestResult>
    <UnitTestResult executionId="71140060-2cbe-41c8-9581-2501bc9fa9e5" testId="9e8ec41c-1209-aa80-888e-d51fa5c223ef" testName="IfNotOnObjectWithValue" computerName="OOGWAY" duration="00:00:00.0011685" startTime="2011-05-21T10:13:14.0968707+06:00" endTime="2011-05-21T10:13:14.1058712+06:00" testType="13cdc9d9-ddb5-4fa4-a97d-d965ccfc6d4b" outcome="Passed" testListId="8c84fa94-04c1-424b-9868-57a2d4851a1d" relativeResultsDirectory="71140060-2cbe-41c8-9581-2501bc9fa9e5">
    </UnitTestResult>
    <UnitTestResult executionId="d2fc4f27-a722-4caa-8f39-01c862206164" testId="a3b9314f-08f5-0b08-ded8-0f45fc658350" testName="IfNotOnObjectWithNull" computerName="OOGWAY" duration="00:00:00.0004456" startTime="2011-05-21T10:13:14.1098714+06:00" endTime="2011-05-21T10:13:14.1148717+06:00" testType="13cdc9d9-ddb5-4fa4-a97d-d965ccfc6d4b" outcome="Passed" testListId="8c84fa94-04c1-424b-9868-57a2d4851a1d" relativeResultsDirectory="d2fc4f27-a722-4caa-8f39-01c862206164">
    </UnitTestResult>
    <UnitTestResult executionId="49326e37-77fa-438e-ace3-963aec98e3a0" testId="d06801cb-b188-6546-93d6-ac04f4afe609" testName="TryDoOnObjectWithException" computerName="OOGWAY" duration="00:00:00.0010141" startTime="2011-05-21T10:13:14.1188719+06:00" endTime="2011-05-21T10:13:14.1238722+06:00" testType="13cdc9d9-ddb5-4fa4-a97d-d965ccfc6d4b" outcome="Passed" testListId="8c84fa94-04c1-424b-9868-57a2d4851a1d" relativeResultsDirectory="49326e37-77fa-438e-ace3-963aec98e3a0">
    </UnitTestResult>
    <UnitTestResult executionId="69e6adad-1a68-4bc4-a071-8180c76e4529" testId="db3ba8e7-ed68-a08f-0397-c51ddfa9cada" testName="OfTypeOnIntVsString" computerName="OOGWAY" duration="00:00:00.0002386" startTime="2011-05-21T10:13:14.1278725+06:00" endTime="2011-05-21T10:13:14.1308726+06:00" testType="13cdc9d9-ddb5-4fa4-a97d-d965ccfc6d4b" outcome="Passed" testListId="8c84fa94-04c1-424b-9868-57a2d4851a1d" relativeResultsDirectory="69e6adad-1a68-4bc4-a071-8180c76e4529">
    </UnitTestResult>
    <UnitTestResult executionId="a15eb2b7-51d2-4c31-8d2a-1832ea47e839" testId="e38d929c-a25e-10a6-50fa-2fc834800ee2" testName="IfOnObjectWithValue" computerName="OOGWAY" duration="00:00:00.0014106" startTime="2011-05-21T10:13:14.1338728+06:00" endTime="2011-05-21T10:13:14.1418733+06:00" testType="13cdc9d9-ddb5-4fa4-a97d-d965ccfc6d4b" outcome="Passed" testListId="8c84fa94-04c1-424b-9868-57a2d4851a1d" relativeResultsDirectory="a15eb2b7-51d2-4c31-8d2a-1832ea47e839">
    </UnitTestResult>
    <UnitTestResult executionId="115b45d8-5604-4b50-bc0d-f8024db5fde8" testId="f1eb2811-d940-512e-9730-3f8be1677e44" testName="DoOnObjectWithValue" computerName="OOGWAY" duration="00:00:00.0004794" startTime="2011-05-21T10:13:14.1458735+06:00" endTime="2011-05-21T10:13:14.1498737+06:00" testType="13cdc9d9-ddb5-4fa4-a97d-d965ccfc6d4b" outcome="Passed" testListId="8c84fa94-04c1-424b-9868-57a2d4851a1d" relativeResultsDirectory="115b45d8-5604-4b50-bc0d-f8024db5fde8">
    </UnitTestResult>
  </Results>
</TestRun>