<?xml version="1.0" encoding="UTF-8"?>
<TestRun id="9cc25533-bb83-4fd3-8cf4-b6fd0712766c" name="Sergey Zwezdin@OOGWAY 2011-05-21 09:47:59" runUser="OOGWAY\Sergey Zwezdin" xmlns="http://microsoft.com/schemas/VisualStudio/TeamTest/2010">
  <TestSettings name="Local" id="c8503907-1843-48ad-a13a-1bbb05c0eec0">
    <Description>These are default test settings for a local test run.</Description>
    <Deployment enabled="false" runDeploymentRoot="Sergey Zwezdin_OOGWAY 2011-05-21 09_47_59">
      <DeploymentItem filename="D:\OpenSource\Monads\Monads\bin\Debug\Monads.dll" />
    </Deployment>
    <Execution>
      <TestTypeSpecific />
      <AgentRule name="Execution Agents">
      </AgentRule>
    </Execution>
  </TestSettings>
  <Times creation="2011-05-21T09:47:59.4492378+06:00" queuing="2011-05-21T09:47:59.7632558+06:00" start="2011-05-21T09:47:59.8452604+06:00" finish="2011-05-21T09:48:00.7163103+06:00" />
  <ResultSummary outcome="Completed">
    <Counters total="16" executed="16" passed="16" error="0" failed="0" timeout="0" aborted="0" inconclusive="0" passedButRunAborted="0" notRunnable="0" notExecuted="0" disconnected="0" warning="0" completed="0" inProgress="0" pending="0" />
  </ResultSummary>
  <TestDefinitions>
    <UnitTest name="DoOnObjectWithValue" storage="d:\opensource\monads\monads.tests\bin\debug\monads.tests.dll" id="f1eb2811-d940-512e-9730-3f8be1677e44">
      <Execution id="b15ac2be-77d6-40b9-b98d-87f74c8aa2b9" />
      <TestMethod codeBase="D:/OpenSource/Monads/Monads.Tests/bin/Debug/Monads.Tests.DLL" adapterTypeName="Microsoft.VisualStudio.TestTools.TestTypes.Unit.UnitTestAdapter, Microsoft.VisualStudio.QualityTools.Tips.UnitTest.Adapter, Version=10.0.0.0, Culture=neutral, PublicKeyToken=b03f5f7f11d50a3a" className="Monads.Tests.MaybeTests, Monads.Tests, Version=1.0.0.0, Culture=neutral, PublicKeyToken=null" name="DoOnObjectWithValue" />
    </UnitTest>
    <UnitTest name="TryDoOnObjectWithValueNoException" storage="d:\opensource\monads\monads.tests\bin\debug\monads.tests.dll" id="536e4704-0b70-7f54-c643-68ceb1027b1d">
      <Execution id="d3cfc1d8-e58a-4e59-9d4a-e6833d8f7a0e" />
      <TestMethod codeBase="D:/OpenSource/Monads/Monads.Tests/bin/Debug/Monads.Tests.DLL" adapterTypeName="Microsoft.VisualStudio.TestTools.TestTypes.Unit.UnitTestAdapter, Microsoft.VisualStudio.QualityTools.Tips.UnitTest.Adapter, Version=10.0.0.0, Culture=neutral, PublicKeyToken=b03f5f7f11d50a3a" className="Monads.Tests.MaybeTests, Monads.Tests, Version=1.0.0.0, Culture=neutral, PublicKeyToken=null" name="TryDoOnObjectWithValueNoException" />
    </UnitTest>
    <UnitTest name="OfTypeOnInt" storage="d:\opensource\monads\monads.tests\bin\debug\monads.tests.dll" id="8cd896e1-d3ee-92f5-9d53-c3e2578d646f">
      <Execution id="a06594b7-3f46-4330-b80d-2cd66471ee0b" />
      <TestMethod codeBase="D:/OpenSource/Monads/Monads.Tests/bin/Debug/Monads.Tests.DLL" adapterTypeName="Microsoft.VisualStudio.TestTools.TestTypes.Unit.UnitTestAdapter, Microsoft.VisualStudio.QualityTools.Tips.UnitTest.Adapter, Version=10.0.0.0, Culture=neutral, PublicKeyToken=b03f5f7f11d50a3a" className="Monads.Tests.MaybeTests, Monads.Tests, Version=1.0.0.0, Culture=neutral, PublicKeyToken=null" name="OfTypeOnInt" />
    </UnitTest>
    <UnitTest name="ReturnOnObjectWithNull" storage="d:\opensource\monads\monads.tests\bin\debug\monads.tests.dll" id="0a31d34c-1442-0d40-7fb2-1e136a64d8a2">
      <Execution id="e9966398-0921-42dd-a88c-ac4862816f9d" />
      <TestMethod codeBase="D:/OpenSource/Monads/Monads.Tests/bin/Debug/Monads.Tests.DLL" adapterTypeName="Microsoft.VisualStudio.TestTools.TestTypes.Unit.UnitTestAdapter, Microsoft.VisualStudio.QualityTools.Tips.UnitTest.Adapter, Version=10.0.0.0, Culture=neutral, PublicKeyToken=b03f5f7f11d50a3a" className="Monads.Tests.MaybeTests, Monads.Tests, Version=1.0.0.0, Culture=neutral, PublicKeyToken=null" name="ReturnOnObjectWithNull" />
    </UnitTest>
    <UnitTest name="ReturnOnObjectWithValue" storage="d:\opensource\monads\monads.tests\bin\debug\monads.tests.dll" id="5a003b26-6f6b-c364-a42f-540bcd90efc3">
      <Execution id="c1fd0b38-d7d4-48e5-a3c4-1efc62681337" />
      <TestMethod codeBase="D:/OpenSource/Monads/Monads.Tests/bin/Debug/Monads.Tests.DLL" adapterTypeName="Microsoft.VisualStudio.TestTools.TestTypes.Unit.UnitTestAdapter, Microsoft.VisualStudio.QualityTools.Tips.UnitTest.Adapter, Version=10.0.0.0, Culture=neutral, PublicKeyToken=b03f5f7f11d50a3a" className="Monads.Tests.MaybeTests, Monads.Tests, Version=1.0.0.0, Culture=neutral, PublicKeyToken=null" name="ReturnOnObjectWithValue" />
    </UnitTest>
    <UnitTest name="TryDoOnObjectWithNullNoException" storage="d:\opensource\monads\monads.tests\bin\debug\monads.tests.dll" id="5af9795c-c73d-fb39-bf6b-50c04c8ec890">
      <Execution id="21a551b7-e4ae-4f35-988f-11e7d5d47120" />
      <TestMethod codeBase="D:/OpenSource/Monads/Monads.Tests/bin/Debug/Monads.Tests.DLL" adapterTypeName="Microsoft.VisualStudio.TestTools.TestTypes.Unit.UnitTestAdapter, Microsoft.VisualStudio.QualityTools.Tips.UnitTest.Adapter, Version=10.0.0.0, Culture=neutral, PublicKeyToken=b03f5f7f11d50a3a" className="Monads.Tests.MaybeTests, Monads.Tests, Version=1.0.0.0, Culture=neutral, PublicKeyToken=null" name="TryDoOnObjectWithNullNoException" />
    </UnitTest>
    <UnitTest name="WithOnObjectWithValue" storage="d:\opensource\monads\monads.tests\bin\debug\monads.tests.dll" id="4762ab7f-b795-4132-280a-542bb519199d">
      <Execution id="1e4410b1-544b-4706-bdfb-8d5ead404920" />
      <TestMethod codeBase="D:/OpenSource/Monads/Monads.Tests/bin/Debug/Monads.Tests.DLL" adapterTypeName="Microsoft.VisualStudio.TestTools.TestTypes.Unit.UnitTestAdapter, Microsoft.VisualStudio.QualityTools.Tips.UnitTest.Adapter, Version=10.0.0.0, Culture=neutral, PublicKeyToken=b03f5f7f11d50a3a" className="Monads.Tests.MaybeTests, Monads.Tests, Version=1.0.0.0, Culture=neutral, PublicKeyToken=null" name="WithOnObjectWithValue" />
    </UnitTest>
    <UnitTest name="OfTypeOnIntVsString" storage="d:\opensource\monads\monads.tests\bin\debug\monads.tests.dll" id="db3ba8e7-ed68-a08f-0397-c51ddfa9cada">
      <Execution id="336dab90-af50-4800-b45c-ba0ac80dbc06" />
      <TestMethod codeBase="D:/OpenSource/Monads/Monads.Tests/bin/Debug/Monads.Tests.DLL" adapterTypeName="Microsoft.VisualStudio.TestTools.TestTypes.Unit.UnitTestAdapter, Microsoft.VisualStudio.QualityTools.Tips.UnitTest.Adapter, Version=10.0.0.0, Culture=neutral, PublicKeyToken=b03f5f7f11d50a3a" className="Monads.Tests.MaybeTests, Monads.Tests, Version=1.0.0.0, Culture=neutral, PublicKeyToken=null" name="OfTypeOnIntVsString" />
    </UnitTest>
    <UnitTest name="IfOnObjectWithNull" storage="d:\opensource\monads\monads.tests\bin\debug\monads.tests.dll" id="7e303737-1927-bfb4-8041-be806bafc89f">
      <Execution id="0df0793d-30a6-40bd-aa5e-27d1ebb21e88" />
      <TestMethod codeBase="D:/OpenSource/Monads/Monads.Tests/bin/Debug/Monads.Tests.DLL" adapterTypeName="Microsoft.VisualStudio.TestTools.TestTypes.Unit.UnitTestAdapter, Microsoft.VisualStudio.QualityTools.Tips.UnitTest.Adapter, Version=10.0.0.0, Culture=neutral, PublicKeyToken=b03f5f7f11d50a3a" className="Monads.Tests.MaybeTests, Monads.Tests, Version=1.0.0.0, Culture=neutral, PublicKeyToken=null" name="IfOnObjectWithNull" />
    </UnitTest>
    <UnitTest name="RecoverOnObjectWithValue" storage="d:\opensource\monads\monads.tests\bin\debug\monads.tests.dll" id="3dbecde9-dfb8-3136-8c6d-bd2aa54ed6e2">
      <Execution id="b2cc4559-1d64-4955-b1ee-5f9d5d116366" />
      <TestMethod codeBase="D:/OpenSource/Monads/Monads.Tests/bin/Debug/Monads.Tests.DLL" adapterTypeName="Microsoft.VisualStudio.TestTools.TestTypes.Unit.UnitTestAdapter, Microsoft.VisualStudio.QualityTools.Tips.UnitTest.Adapter, Version=10.0.0.0, Culture=neutral, PublicKeyToken=b03f5f7f11d50a3a" className="Monads.Tests.MaybeTests, Monads.Tests, Version=1.0.0.0, Culture=neutral, PublicKeyToken=null" name="RecoverOnObjectWithValue" />
    </UnitTest>
    <UnitTest name="OfTypeOnString" storage="d:\opensource\monads\monads.tests\bin\debug\monads.tests.dll" id="3c6901df-f833-fd6b-fdc7-8bc052e43b45">
      <Execution id="37e76d5d-3fbb-40ba-84e6-5c3f56951382" />
      <TestMethod codeBase="D:/OpenSource/Monads/Monads.Tests/bin/Debug/Monads.Tests.DLL" adapterTypeName="Microsoft.VisualStudio.TestTools.TestTypes.Unit.UnitTestAdapter, Microsoft.VisualStudio.QualityTools.Tips.UnitTest.Adapter, Version=10.0.0.0, Culture=neutral, PublicKeyToken=b03f5f7f11d50a3a" className="Monads.Tests.MaybeTests, Monads.Tests, Version=1.0.0.0, Culture=neutral, PublicKeyToken=null" name="OfTypeOnString" />
    </UnitTest>
    <UnitTest name="WithOnObjectWithNull" storage="d:\opensource\monads\monads.tests\bin\debug\monads.tests.dll" id="78b112a1-d20e-169c-db71-1c04d9daa8bf">
      <Execution id="1de537f8-2c8c-4c60-85d3-0b96922ab116" />
      <TestMethod codeBase="D:/OpenSource/Monads/Monads.Tests/bin/Debug/Monads.Tests.DLL" adapterTypeName="Microsoft.VisualStudio.TestTools.TestTypes.Unit.UnitTestAdapter, Microsoft.VisualStudio.QualityTools.Tips.UnitTest.Adapter, Version=10.0.0.0, Culture=neutral, PublicKeyToken=b03f5f7f11d50a3a" className="Monads.Tests.MaybeTests, Monads.Tests, Version=1.0.0.0, Culture=neutral, PublicKeyToken=null" name="WithOnObjectWithNull" />
    </UnitTest>
    <UnitTest name="DoOnObjectWithNull" storage="d:\opensource\monads\monads.tests\bin\debug\monads.tests.dll" id="1c385e86-5f2f-3565-92a1-6dc2ff4cc9c3">
      <Execution id="824d4182-59a0-4811-8f53-45c7aa3efe28" />
      <TestMethod codeBase="D:/OpenSource/Monads/Monads.Tests/bin/Debug/Monads.Tests.DLL" adapterTypeName="Microsoft.VisualStudio.TestTools.TestTypes.Unit.UnitTestAdapter, Microsoft.VisualStudio.QualityTools.Tips.UnitTest.Adapter, Version=10.0.0.0, Culture=neutral, PublicKeyToken=b03f5f7f11d50a3a" className="Monads.Tests.MaybeTests, Monads.Tests, Version=1.0.0.0, Culture=neutral, PublicKeyToken=null" name="DoOnObjectWithNull" />
    </UnitTest>
    <UnitTest name="IfNotOnObjectWithNull" storage="d:\opensource\monads\monads.tests\bin\debug\monads.tests.dll" id="a3b9314f-08f5-0b08-ded8-0f45fc658350">
      <Execution id="cf1a3200-e425-401e-abc9-506192557bb9" />
      <TestMethod codeBase="D:/OpenSource/Monads/Monads.Tests/bin/Debug/Monads.Tests.DLL" adapterTypeName="Microsoft.VisualStudio.TestTools.TestTypes.Unit.UnitTestAdapter, Microsoft.VisualStudio.QualityTools.Tips.UnitTest.Adapter, Version=10.0.0.0, Culture=neutral, PublicKeyToken=b03f5f7f11d50a3a" className="Monads.Tests.MaybeTests, Monads.Tests, Version=1.0.0.0, Culture=neutral, PublicKeyToken=null" name="IfNotOnObjectWithNull" />
    </UnitTest>
    <UnitTest name="IfOnObjectWithValue" storage="d:\opensource\monads\monads.tests\bin\debug\monads.tests.dll" id="e38d929c-a25e-10a6-50fa-2fc834800ee2">
      <Execution id="6a42ff92-b5bc-44c9-a943-0d6d10d84de0" />
      <TestMethod codeBase="D:/OpenSource/Monads/Monads.Tests/bin/Debug/Monads.Tests.DLL" adapterTypeName="Microsoft.VisualStudio.TestTools.TestTypes.Unit.UnitTestAdapter, Microsoft.VisualStudio.QualityTools.Tips.UnitTest.Adapter, Version=10.0.0.0, Culture=neutral, PublicKeyToken=b03f5f7f11d50a3a" className="Monads.Tests.MaybeTests, Monads.Tests, Version=1.0.0.0, Culture=neutral, PublicKeyToken=null" name="IfOnObjectWithValue" />
    </UnitTest>
    <UnitTest name="IfNotOnObjectWithValue" storage="d:\opensource\monads\monads.tests\bin\debug\monads.tests.dll" id="9e8ec41c-1209-aa80-888e-d51fa5c223ef">
      <Execution id="6c809355-0627-4012-922a-46e04d61f361" />
      <TestMethod codeBase="D:/OpenSource/Monads/Monads.Tests/bin/Debug/Monads.Tests.DLL" adapterTypeName="Microsoft.VisualStudio.TestTools.TestTypes.Unit.UnitTestAdapter, Microsoft.VisualStudio.QualityTools.Tips.UnitTest.Adapter, Version=10.0.0.0, Culture=neutral, PublicKeyToken=b03f5f7f11d50a3a" className="Monads.Tests.MaybeTests, Monads.Tests, Version=1.0.0.0, Culture=neutral, PublicKeyToken=null" name="IfNotOnObjectWithValue" />
    </UnitTest>
  </TestDefinitions>
  <TestLists>
    <TestList name="Results Not in a List" id="8c84fa94-04c1-424b-9868-57a2d4851a1d" />
    <TestList name="All Loaded Results" id="19431567-8539-422a-85d7-44ee4e166bda" />
  </TestLists>
  <TestEntries>
    <TestEntry testId="0a31d34c-1442-0d40-7fb2-1e136a64d8a2" executionId="e9966398-0921-42dd-a88c-ac4862816f9d" testListId="8c84fa94-04c1-424b-9868-57a2d4851a1d" />
    <TestEntry testId="1c385e86-5f2f-3565-92a1-6dc2ff4cc9c3" executionId="824d4182-59a0-4811-8f53-45c7aa3efe28" testListId="8c84fa94-04c1-424b-9868-57a2d4851a1d" />
    <TestEntry testId="3c6901df-f833-fd6b-fdc7-8bc052e43b45" executionId="37e76d5d-3fbb-40ba-84e6-5c3f56951382" testListId="8c84fa94-04c1-424b-9868-57a2d4851a1d" />
    <TestEntry testId="3dbecde9-dfb8-3136-8c6d-bd2aa54ed6e2" executionId="b2cc4559-1d64-4955-b1ee-5f9d5d116366" testListId="8c84fa94-04c1-424b-9868-57a2d4851a1d" />
    <TestEntry testId="4762ab7f-b795-4132-280a-542bb519199d" executionId="1e4410b1-544b-4706-bdfb-8d5ead404920" testListId="8c84fa94-04c1-424b-9868-57a2d4851a1d" />
    <TestEntry testId="536e4704-0b70-7f54-c643-68ceb1027b1d" executionId="d3cfc1d8-e58a-4e59-9d4a-e6833d8f7a0e" testListId="8c84fa94-04c1-424b-9868-57a2d4851a1d" />
    <TestEntry testId="5a003b26-6f6b-c364-a42f-540bcd90efc3" executionId="c1fd0b38-d7d4-48e5-a3c4-1efc62681337" testListId="8c84fa94-04c1-424b-9868-57a2d4851a1d" />
    <TestEntry testId="5af9795c-c73d-fb39-bf6b-50c04c8ec890" executionId="21a551b7-e4ae-4f35-988f-11e7d5d47120" testListId="8c84fa94-04c1-424b-9868-57a2d4851a1d" />
    <TestEntry testId="78b112a1-d20e-169c-db71-1c04d9daa8bf" executionId="1de537f8-2c8c-4c60-85d3-0b96922ab116" testListId="8c84fa94-04c1-424b-9868-57a2d4851a1d" />
    <TestEntry testId="7e303737-1927-bfb4-8041-be806bafc89f" executionId="0df0793d-30a6-40bd-aa5e-27d1ebb21e88" testListId="8c84fa94-04c1-424b-9868-57a2d4851a1d" />
    <TestEntry testId="8cd896e1-d3ee-92f5-9d53-c3e2578d646f" executionId="a06594b7-3f46-4330-b80d-2cd66471ee0b" testListId="8c84fa94-04c1-424b-9868-57a2d4851a1d" />
    <TestEntry testId="9e8ec41c-1209-aa80-888e-d51fa5c223ef" executionId="6c809355-0627-4012-922a-46e04d61f361" testListId="8c84fa94-04c1-424b-9868-57a2d4851a1d" />
    <TestEntry testId="a3b9314f-08f5-0b08-ded8-0f45fc658350" executionId="cf1a3200-e425-401e-abc9-506192557bb9" testListId="8c84fa94-04c1-424b-9868-57a2d4851a1d" />
    <TestEntry testId="db3ba8e7-ed68-a08f-0397-c51ddfa9cada" executionId="336dab90-af50-4800-b45c-ba0ac80dbc06" testListId="8c84fa94-04c1-424b-9868-57a2d4851a1d" />
    <TestEntry testId="e38d929c-a25e-10a6-50fa-2fc834800ee2" executionId="6a42ff92-b5bc-44c9-a943-0d6d10d84de0" testListId="8c84fa94-04c1-424b-9868-57a2d4851a1d" />
    <TestEntry testId="f1eb2811-d940-512e-9730-3f8be1677e44" executionId="b15ac2be-77d6-40b9-b98d-87f74c8aa2b9" testListId="8c84fa94-04c1-424b-9868-57a2d4851a1d" />
  </TestEntries>
  <Results>
    <UnitTestResult executionId="e9966398-0921-42dd-a88c-ac4862816f9d" testId="0a31d34c-1442-0d40-7fb2-1e136a64d8a2" testName="ReturnOnObjectWithNull" computerName="OOGWAY" duration="00:00:00.0177525" startTime="2011-05-21T09:47:59.8802624+06:00" endTime="2011-05-21T09:48:00.3822912+06:00" testType="13cdc9d9-ddb5-4fa4-a97d-d965ccfc6d4b" outcome="Passed" testListId="8c84fa94-04c1-424b-9868-57a2d4851a1d" relativeResultsDirectory="e9966398-0921-42dd-a88c-ac4862816f9d">
    </UnitTestResult>
    <UnitTestResult executionId="824d4182-59a0-4811-8f53-45c7aa3efe28" testId="1c385e86-5f2f-3565-92a1-6dc2ff4cc9c3" testName="DoOnObjectWithNull" computerName="OOGWAY" duration="00:00:00.0046417" startTime="2011-05-21T09:48:00.3872914+06:00" endTime="2011-05-21T09:48:00.3962920+06:00" testType="13cdc9d9-ddb5-4fa4-a97d-d965ccfc6d4b" outcome="Passed" testListId="8c84fa94-04c1-424b-9868-57a2d4851a1d" relativeResultsDirectory="824d4182-59a0-4811-8f53-45c7aa3efe28">
    </UnitTestResult>
    <UnitTestResult executionId="37e76d5d-3fbb-40ba-84e6-5c3f56951382" testId="3c6901df-f833-fd6b-fdc7-8bc052e43b45" testName="OfTypeOnString" computerName="OOGWAY" duration="00:00:00.0012562" startTime="2011-05-21T09:48:00.3992921+06:00" endTime="2011-05-21T09:48:00.4152930+06:00" testType="13cdc9d9-ddb5-4fa4-a97d-d965ccfc6d4b" outcome="Passed" testListId="8c84fa94-04c1-424b-9868-57a2d4851a1d" relativeResultsDirectory="37e76d5d-3fbb-40ba-84e6-5c3f56951382">
    </UnitTestResult>
    <UnitTestResult executionId="b2cc4559-1d64-4955-b1ee-5f9d5d116366" testId="3dbecde9-dfb8-3136-8c6d-bd2aa54ed6e2" testName="RecoverOnObjectWithValue" computerName="OOGWAY" duration="00:00:00.0015838" startTime="2011-05-21T09:48:00.4172932+06:00" endTime="2011-05-21T09:48:00.4312940+06:00" testType="13cdc9d9-ddb5-4fa4-a97d-d965ccfc6d4b" outcome="Passed" testListId="8c84fa94-04c1-424b-9868-57a2d4851a1d" relativeResultsDirectory="b2cc4559-1d64-4955-b1ee-5f9d5d116366">
    </UnitTestResult>
    <UnitTestResult executionId="1e4410b1-544b-4706-bdfb-8d5ead404920" testId="4762ab7f-b795-4132-280a-542bb519199d" testName="WithOnObjectWithValue" computerName="OOGWAY" duration="00:00:00.0040869" startTime="2011-05-21T09:48:00.4342941+06:00" endTime="2011-05-21T09:48:00.4502951+06:00" testType="13cdc9d9-ddb5-4fa4-a97d-d965ccfc6d4b" outcome="Passed" testListId="8c84fa94-04c1-424b-9868-57a2d4851a1d" relativeResultsDirectory="1e4410b1-544b-4706-bdfb-8d5ead404920">
    </UnitTestResult>
    <UnitTestResult executionId="d3cfc1d8-e58a-4e59-9d4a-e6833d8f7a0e" testId="536e4704-0b70-7f54-c643-68ceb1027b1d" testName="TryDoOnObjectWithValueNoException" computerName="OOGWAY" duration="00:00:00.0024710" startTime="2011-05-21T09:48:00.4532952+06:00" endTime="2011-05-21T09:48:00.4692961+06:00" testType="13cdc9d9-ddb5-4fa4-a97d-d965ccfc6d4b" outcome="Passed" testListId="8c84fa94-04c1-424b-9868-57a2d4851a1d" relativeResultsDirectory="d3cfc1d8-e58a-4e59-9d4a-e6833d8f7a0e">
    </UnitTestResult>
    <UnitTestResult executionId="c1fd0b38-d7d4-48e5-a3c4-1efc62681337" testId="5a003b26-6f6b-c364-a42f-540bcd90efc3" testName="ReturnOnObjectWithValue" computerName="OOGWAY" duration="00:00:00.0014953" startTime="2011-05-21T09:48:00.4712963+06:00" endTime="2011-05-21T09:48:00.4882972+06:00" testType="13cdc9d9-ddb5-4fa4-a97d-d965ccfc6d4b" outcome="Passed" testListId="8c84fa94-04c1-424b-9868-57a2d4851a1d" relativeResultsDirectory="c1fd0b38-d7d4-48e5-a3c4-1efc62681337">
    </UnitTestResult>
    <UnitTestResult executionId="21a551b7-e4ae-4f35-988f-11e7d5d47120" testId="5af9795c-c73d-fb39-bf6b-50c04c8ec890" testName="TryDoOnObjectWithNullNoException" computerName="OOGWAY" duration="00:00:00.0014752" startTime="2011-05-21T09:48:00.4912974+06:00" endTime="2011-05-21T09:48:00.5052982+06:00" testType="13cdc9d9-ddb5-4fa4-a97d-d965ccfc6d4b" outcome="Passed" testListId="8c84fa94-04c1-424b-9868-57a2d4851a1d" relativeResultsDirectory="21a551b7-e4ae-4f35-988f-11e7d5d47120">
    </UnitTestResult>
    <UnitTestResult executionId="1de537f8-2c8c-4c60-85d3-0b96922ab116" testId="78b112a1-d20e-169c-db71-1c04d9daa8bf" testName="WithOnObjectWithNull" computerName="OOGWAY" duration="00:00:00.0017964" startTime="2011-05-21T09:48:00.5082984+06:00" endTime="2011-05-21T09:48:00.5242993+06:00" testType="13cdc9d9-ddb5-4fa4-a97d-d965ccfc6d4b" outcome="Passed" testListId="8c84fa94-04c1-424b-9868-57a2d4851a1d" relativeResultsDirectory="1de537f8-2c8c-4c60-85d3-0b96922ab116">
    </UnitTestResult>
    <UnitTestResult executionId="0df0793d-30a6-40bd-aa5e-27d1ebb21e88" testId="7e303737-1927-bfb4-8041-be806bafc89f" testName="IfOnObjectWithNull" computerName="OOGWAY" duration="00:00:00.0054963" startTime="2011-05-21T09:48:00.5272995+06:00" endTime="2011-05-21T09:48:00.5483007+06:00" testType="13cdc9d9-ddb5-4fa4-a97d-d965ccfc6d4b" outcome="Passed" testListId="8c84fa94-04c1-424b-9868-57a2d4851a1d" relativeResultsDirectory="0df0793d-30a6-40bd-aa5e-27d1ebb21e88">
    </UnitTestResult>
    <UnitTestResult executionId="a06594b7-3f46-4330-b80d-2cd66471ee0b" testId="8cd896e1-d3ee-92f5-9d53-c3e2578d646f" testName="OfTypeOnInt" computerName="OOGWAY" duration="00:00:00.0217629" startTime="2011-05-21T09:48:00.5553011+06:00" endTime="2011-05-21T09:48:00.6073040+06:00" testType="13cdc9d9-ddb5-4fa4-a97d-d965ccfc6d4b" outcome="Passed" testListId="8c84fa94-04c1-424b-9868-57a2d4851a1d" relativeResultsDirectory="a06594b7-3f46-4330-b80d-2cd66471ee0b">
    </UnitTestResult>
    <UnitTestResult executionId="6c809355-0627-4012-922a-46e04d61f361" testId="9e8ec41c-1209-aa80-888e-d51fa5c223ef" testName="IfNotOnObjectWithValue" computerName="OOGWAY" duration="00:00:00.0053868" startTime="2011-05-21T09:48:00.6133044+06:00" endTime="2011-05-21T09:48:00.6333055+06:00" testType="13cdc9d9-ddb5-4fa4-a97d-d965ccfc6d4b" outcome="Passed" testListId="8c84fa94-04c1-424b-9868-57a2d4851a1d" relativeResultsDirectory="6c809355-0627-4012-922a-46e04d61f361">
    </UnitTestResult>
    <UnitTestResult executionId="cf1a3200-e425-401e-abc9-506192557bb9" testId="a3b9314f-08f5-0b08-ded8-0f45fc658350" testName="IfNotOnObjectWithNull" computerName="OOGWAY" duration="00:00:00.0004238" startTime="2011-05-21T09:48:00.6483064+06:00" endTime="2011-05-21T09:48:00.6623072+06:00" testType="13cdc9d9-ddb5-4fa4-a97d-d965ccfc6d4b" outcome="Passed" testListId="8c84fa94-04c1-424b-9868-57a2d4851a1d" relativeResultsDirectory="cf1a3200-e425-401e-abc9-506192557bb9">
    </UnitTestResult>
    <UnitTestResult executionId="336dab90-af50-4800-b45c-ba0ac80dbc06" testId="db3ba8e7-ed68-a08f-0397-c51ddfa9cada" testName="OfTypeOnIntVsString" computerName="OOGWAY" duration="00:00:00.0002455" startTime="2011-05-21T09:48:00.6653073+06:00" endTime="2011-05-21T09:48:00.6733078+06:00" testType="13cdc9d9-ddb5-4fa4-a97d-d965ccfc6d4b" outcome="Passed" testListId="8c84fa94-04c1-424b-9868-57a2d4851a1d" relativeResultsDirectory="336dab90-af50-4800-b45c-ba0ac80dbc06">
    </UnitTestResult>
    <UnitTestResult executionId="6a42ff92-b5bc-44c9-a943-0d6d10d84de0" testId="e38d929c-a25e-10a6-50fa-2fc834800ee2" testName="IfOnObjectWithValue" computerName="OOGWAY" duration="00:00:00.0007870" startTime="2011-05-21T09:48:00.6773080+06:00" endTime="2011-05-21T09:48:00.6823083+06:00" testType="13cdc9d9-ddb5-4fa4-a97d-d965ccfc6d4b" outcome="Passed" testListId="8c84fa94-04c1-424b-9868-57a2d4851a1d" relativeResultsDirectory="6a42ff92-b5bc-44c9-a943-0d6d10d84de0">
    </UnitTestResult>
    <UnitTestResult executionId="b15ac2be-77d6-40b9-b98d-87f74c8aa2b9" testId="f1eb2811-d940-512e-9730-3f8be1677e44" testName="DoOnObjectWithValue" computerName="OOGWAY" duration="00:00:00.0004696" startTime="2011-05-21T09:48:00.6883087+06:00" endTime="2011-05-21T09:48:00.6923089+06:00" testType="13cdc9d9-ddb5-4fa4-a97d-d965ccfc6d4b" outcome="Passed" testListId="8c84fa94-04c1-424b-9868-57a2d4851a1d" relativeResultsDirectory="b15ac2be-77d6-40b9-b98d-87f74c8aa2b9">
    </UnitTestResult>
  </Results>
</TestRun>