<?xml version="1.0" encoding="UTF-8"?>
<TestRun id="14b9ae86-fc16-4a37-9dc9-59ab0e388973" name="Sergey Zwezdin@OOGWAY 2011-05-21 09:55:14" runUser="OOGWAY\Sergey Zwezdin" xmlns="http://microsoft.com/schemas/VisualStudio/TeamTest/2010">
  <TestSettings name="Local" id="c8503907-1843-48ad-a13a-1bbb05c0eec0">
    <Description>These are default test settings for a local test run.</Description>
    <Deployment enabled="false" runDeploymentRoot="Sergey Zwezdin_OOGWAY 2011-05-21 09_55_14">
      <DeploymentItem filename="D:\OpenSource\Monads\Monads\bin\Debug\Monads.dll" />
    </Deployment>
    <Execution>
      <TestTypeSpecific />
      <AgentRule name="Execution Agents">
      </AgentRule>
    </Execution>
  </TestSettings>
  <Times creation="2011-05-21T09:55:14.3311116+06:00" queuing="2011-05-21T09:55:14.4191166+06:00" start="2011-05-21T09:55:14.4471182+06:00" finish="2011-05-21T09:55:15.2381635+06:00" />
  <ResultSummary outcome="Failed">
    <Counters total="18" executed="18" passed="17" error="0" failed="1" timeout="0" aborted="0" inconclusive="0" passedButRunAborted="0" notRunnable="0" notExecuted="0" disconnected="0" warning="0" completed="0" inProgress="0" pending="0" />
  </ResultSummary>
  <TestDefinitions>
    <UnitTest name="DoOnObjectWithValue" storage="d:\opensource\monads\monads.tests\bin\debug\monads.tests.dll" id="f1eb2811-d940-512e-9730-3f8be1677e44">
      <Execution id="5d97fd5f-4b12-43d2-9db0-09e83d7fc066" />
      <TestMethod codeBase="D:/OpenSource/Monads/Monads.Tests/bin/Debug/Monads.Tests.DLL" adapterTypeName="Microsoft.VisualStudio.TestTools.TestTypes.Unit.UnitTestAdapter, Microsoft.VisualStudio.QualityTools.Tips.UnitTest.Adapter, Version=10.0.0.0, Culture=neutral, PublicKeyToken=b03f5f7f11d50a3a" className="Monads.Tests.MaybeTests, Monads.Tests, Version=1.0.0.0, Culture=neutral, PublicKeyToken=null" name="DoOnObjectWithValue" />
    </UnitTest>
    <UnitTest name="IfOnObjectWithValue" storage="d:\opensource\monads\monads.tests\bin\debug\monads.tests.dll" id="e38d929c-a25e-10a6-50fa-2fc834800ee2">
      <Execution id="f6f9d64a-0099-4df1-bbd2-18ddf5fc3fc5" />
      <TestMethod codeBase="D:/OpenSource/Monads/Monads.Tests/bin/Debug/Monads.Tests.DLL" adapterTypeName="Microsoft.VisualStudio.TestTools.TestTypes.Unit.UnitTestAdapter, Microsoft.VisualStudio.QualityTools.Tips.UnitTest.Adapter, Version=10.0.0.0, Culture=neutral, PublicKeyToken=b03f5f7f11d50a3a" className="Monads.Tests.MaybeTests, Monads.Tests, Version=1.0.0.0, Culture=neutral, PublicKeyToken=null" name="IfOnObjectWithValue" />
    </UnitTest>
    <UnitTest name="TryDoOnObjectWithValueNoException" storage="d:\opensource\monads\monads.tests\bin\debug\monads.tests.dll" id="536e4704-0b70-7f54-c643-68ceb1027b1d">
      <Execution id="d8c73225-904e-46bf-b102-c16b452abb3e" />
      <TestMethod codeBase="D:/OpenSource/Monads/Monads.Tests/bin/Debug/Monads.Tests.DLL" adapterTypeName="Microsoft.VisualStudio.TestTools.TestTypes.Unit.UnitTestAdapter, Microsoft.VisualStudio.QualityTools.Tips.UnitTest.Adapter, Version=10.0.0.0, Culture=neutral, PublicKeyToken=b03f5f7f11d50a3a" className="Monads.Tests.MaybeTests, Monads.Tests, Version=1.0.0.0, Culture=neutral, PublicKeyToken=null" name="TryDoOnObjectWithValueNoException" />
    </UnitTest>
    <UnitTest name="TryDoOnObjectWithException" storage="d:\opensource\monads\monads.tests\bin\debug\monads.tests.dll" id="d06801cb-b188-6546-93d6-ac04f4afe609">
      <Execution id="510562fb-eca0-4b8c-9560-bb9e1b25cbbb" />
      <TestMethod codeBase="D:/OpenSource/Monads/Monads.Tests/bin/Debug/Monads.Tests.DLL" adapterTypeName="Microsoft.VisualStudio.TestTools.TestTypes.Unit.UnitTestAdapter, Microsoft.VisualStudio.QualityTools.Tips.UnitTest.Adapter, Version=10.0.0.0, Culture=neutral, PublicKeyToken=b03f5f7f11d50a3a" className="Monads.Tests.MaybeTests, Monads.Tests, Version=1.0.0.0, Culture=neutral, PublicKeyToken=null" name="TryDoOnObjectWithException" />
    </UnitTest>
    <UnitTest name="OfTypeOnInt" storage="d:\opensource\monads\monads.tests\bin\debug\monads.tests.dll" id="8cd896e1-d3ee-92f5-9d53-c3e2578d646f">
      <Execution id="e4e09f85-a5fb-4210-8b49-f1f9a5359b93" />
      <TestMethod codeBase="D:/OpenSource/Monads/Monads.Tests/bin/Debug/Monads.Tests.DLL" adapterTypeName="Microsoft.VisualStudio.TestTools.TestTypes.Unit.UnitTestAdapter, Microsoft.VisualStudio.QualityTools.Tips.UnitTest.Adapter, Version=10.0.0.0, Culture=neutral, PublicKeyToken=b03f5f7f11d50a3a" className="Monads.Tests.MaybeTests, Monads.Tests, Version=1.0.0.0, Culture=neutral, PublicKeyToken=null" name="OfTypeOnInt" />
    </UnitTest>
    <UnitTest name="ReturnOnObjectWithNull" storage="d:\opensource\monads\monads.tests\bin\debug\monads.tests.dll" id="0a31d34c-1442-0d40-7fb2-1e136a64d8a2">
      <Execution id="0a907a65-738b-46b8-804a-b0ea43af078b" />
      <TestMethod codeBase="D:/OpenSource/Monads/Monads.Tests/bin/Debug/Monads.Tests.DLL" adapterTypeName="Microsoft.VisualStudio.TestTools.TestTypes.Unit.UnitTestAdapter, Microsoft.VisualStudio.QualityTools.Tips.UnitTest.Adapter, Version=10.0.0.0, Culture=neutral, PublicKeyToken=b03f5f7f11d50a3a" className="Monads.Tests.MaybeTests, Monads.Tests, Version=1.0.0.0, Culture=neutral, PublicKeyToken=null" name="ReturnOnObjectWithNull" />
    </UnitTest>
    <UnitTest name="ReturnOnObjectWithValue" storage="d:\opensource\monads\monads.tests\bin\debug\monads.tests.dll" id="5a003b26-6f6b-c364-a42f-540bcd90efc3">
      <Execution id="88368e3c-2bcd-4413-a783-8d2b4fbce20e" />
      <TestMethod codeBase="D:/OpenSource/Monads/Monads.Tests/bin/Debug/Monads.Tests.DLL" adapterTypeName="Microsoft.VisualStudio.TestTools.TestTypes.Unit.UnitTestAdapter, Microsoft.VisualStudio.QualityTools.Tips.UnitTest.Adapter, Version=10.0.0.0, Culture=neutral, PublicKeyToken=b03f5f7f11d50a3a" className="Monads.Tests.MaybeTests, Monads.Tests, Version=1.0.0.0, Culture=neutral, PublicKeyToken=null" name="ReturnOnObjectWithValue" />
    </UnitTest>
    <UnitTest name="TryDoOnObjectWithNullNoException" storage="d:\opensource\monads\monads.tests\bin\debug\monads.tests.dll" id="5af9795c-c73d-fb39-bf6b-50c04c8ec890">
      <Execution id="2cec90aa-8b2b-4a2b-8816-ab8fbfe92d3e" />
      <TestMethod codeBase="D:/OpenSource/Monads/Monads.Tests/bin/Debug/Monads.Tests.DLL" adapterTypeName="Microsoft.VisualStudio.TestTools.TestTypes.Unit.UnitTestAdapter, Microsoft.VisualStudio.QualityTools.Tips.UnitTest.Adapter, Version=10.0.0.0, Culture=neutral, PublicKeyToken=b03f5f7f11d50a3a" className="Monads.Tests.MaybeTests, Monads.Tests, Version=1.0.0.0, Culture=neutral, PublicKeyToken=null" name="TryDoOnObjectWithNullNoException" />
    </UnitTest>
    <UnitTest name="WithOnObjectWithValue" storage="d:\opensource\monads\monads.tests\bin\debug\monads.tests.dll" id="4762ab7f-b795-4132-280a-542bb519199d">
      <Execution id="dabfc8cc-2475-4487-9079-439576068d03" />
      <TestMethod codeBase="D:/OpenSource/Monads/Monads.Tests/bin/Debug/Monads.Tests.DLL" adapterTypeName="Microsoft.VisualStudio.TestTools.TestTypes.Unit.UnitTestAdapter, Microsoft.VisualStudio.QualityTools.Tips.UnitTest.Adapter, Version=10.0.0.0, Culture=neutral, PublicKeyToken=b03f5f7f11d50a3a" className="Monads.Tests.MaybeTests, Monads.Tests, Version=1.0.0.0, Culture=neutral, PublicKeyToken=null" name="WithOnObjectWithValue" />
    </UnitTest>
    <UnitTest name="OfTypeOnIntVsString" storage="d:\opensource\monads\monads.tests\bin\debug\monads.tests.dll" id="db3ba8e7-ed68-a08f-0397-c51ddfa9cada">
      <Execution id="19496588-2689-4dcb-b3b5-869caefe6260" />
      <TestMethod codeBase="D:/OpenSource/Monads/Monads.Tests/bin/Debug/Monads.Tests.DLL" adapterTypeName="Microsoft.VisualStudio.TestTools.TestTypes.Unit.UnitTestAdapter, Microsoft.VisualStudio.QualityTools.Tips.UnitTest.Adapter, Version=10.0.0.0, Culture=neutral, PublicKeyToken=b03f5f7f11d50a3a" className="Monads.Tests.MaybeTests, Monads.Tests, Version=1.0.0.0, Culture=neutral, PublicKeyToken=null" name="OfTypeOnIntVsString" />
    </UnitTest>
    <UnitTest name="IfOnObjectWithNull" storage="d:\opensource\monads\monads.tests\bin\debug\monads.tests.dll" id="7e303737-1927-bfb4-8041-be806bafc89f">
      <Execution id="e6b9e526-7436-4a58-be0a-c45852cac40b" />
      <TestMethod codeBase="D:/OpenSource/Monads/Monads.Tests/bin/Debug/Monads.Tests.DLL" adapterTypeName="Microsoft.VisualStudio.TestTools.TestTypes.Unit.UnitTestAdapter, Microsoft.VisualStudio.QualityTools.Tips.UnitTest.Adapter, Version=10.0.0.0, Culture=neutral, PublicKeyToken=b03f5f7f11d50a3a" className="Monads.Tests.MaybeTests, Monads.Tests, Version=1.0.0.0, Culture=neutral, PublicKeyToken=null" name="IfOnObjectWithNull" />
    </UnitTest>
    <UnitTest name="RecoverOnObjectWithValue" storage="d:\opensource\monads\monads.tests\bin\debug\monads.tests.dll" id="3dbecde9-dfb8-3136-8c6d-bd2aa54ed6e2">
      <Execution id="bea3400e-0406-45f1-b0c0-5ce861d5f3df" />
      <TestMethod codeBase="D:/OpenSource/Monads/Monads.Tests/bin/Debug/Monads.Tests.DLL" adapterTypeName="Microsoft.VisualStudio.TestTools.TestTypes.Unit.UnitTestAdapter, Microsoft.VisualStudio.QualityTools.Tips.UnitTest.Adapter, Version=10.0.0.0, Culture=neutral, PublicKeyToken=b03f5f7f11d50a3a" className="Monads.Tests.MaybeTests, Monads.Tests, Version=1.0.0.0, Culture=neutral, PublicKeyToken=null" name="RecoverOnObjectWithValue" />
    </UnitTest>
    <UnitTest name="OfTypeOnString" storage="d:\opensource\monads\monads.tests\bin\debug\monads.tests.dll" id="3c6901df-f833-fd6b-fdc7-8bc052e43b45">
      <Execution id="8909d941-88f9-4dec-b940-cbe47168396b" />
      <TestMethod codeBase="D:/OpenSource/Monads/Monads.Tests/bin/Debug/Monads.Tests.DLL" adapterTypeName="Microsoft.VisualStudio.TestTools.TestTypes.Unit.UnitTestAdapter, Microsoft.VisualStudio.QualityTools.Tips.UnitTest.Adapter, Version=10.0.0.0, Culture=neutral, PublicKeyToken=b03f5f7f11d50a3a" className="Monads.Tests.MaybeTests, Monads.Tests, Version=1.0.0.0, Culture=neutral, PublicKeyToken=null" name="OfTypeOnString" />
    </UnitTest>
    <UnitTest name="WithOnObjectWithNull" storage="d:\opensource\monads\monads.tests\bin\debug\monads.tests.dll" id="78b112a1-d20e-169c-db71-1c04d9daa8bf">
      <Execution id="02106a20-f5eb-44e2-9e45-c72b380d5ee8" />
      <TestMethod codeBase="D:/OpenSource/Monads/Monads.Tests/bin/Debug/Monads.Tests.DLL" adapterTypeName="Microsoft.VisualStudio.TestTools.TestTypes.Unit.UnitTestAdapter, Microsoft.VisualStudio.QualityTools.Tips.UnitTest.Adapter, Version=10.0.0.0, Culture=neutral, PublicKeyToken=b03f5f7f11d50a3a" className="Monads.Tests.MaybeTests, Monads.Tests, Version=1.0.0.0, Culture=neutral, PublicKeyToken=null" name="WithOnObjectWithNull" />
    </UnitTest>
    <UnitTest name="DoOnObjectWithNull" storage="d:\opensource\monads\monads.tests\bin\debug\monads.tests.dll" id="1c385e86-5f2f-3565-92a1-6dc2ff4cc9c3">
      <Execution id="0d1c37d2-88ca-44fa-8c16-00cecfa6f64e" />
      <TestMethod codeBase="D:/OpenSource/Monads/Monads.Tests/bin/Debug/Monads.Tests.DLL" adapterTypeName="Microsoft.VisualStudio.TestTools.TestTypes.Unit.UnitTestAdapter, Microsoft.VisualStudio.QualityTools.Tips.UnitTest.Adapter, Version=10.0.0.0, Culture=neutral, PublicKeyToken=b03f5f7f11d50a3a" className="Monads.Tests.MaybeTests, Monads.Tests, Version=1.0.0.0, Culture=neutral, PublicKeyToken=null" name="DoOnObjectWithNull" />
    </UnitTest>
    <UnitTest name="IfNotOnObjectWithNull" storage="d:\opensource\monads\monads.tests\bin\debug\monads.tests.dll" id="a3b9314f-08f5-0b08-ded8-0f45fc658350">
      <Execution id="151d64e3-1740-4f4d-b494-db1414a7f76d" />
      <TestMethod codeBase="D:/OpenSource/Monads/Monads.Tests/bin/Debug/Monads.Tests.DLL" adapterTypeName="Microsoft.VisualStudio.TestTools.TestTypes.Unit.UnitTestAdapter, Microsoft.VisualStudio.QualityTools.Tips.UnitTest.Adapter, Version=10.0.0.0, Culture=neutral, PublicKeyToken=b03f5f7f11d50a3a" className="Monads.Tests.MaybeTests, Monads.Tests, Version=1.0.0.0, Culture=neutral, PublicKeyToken=null" name="IfNotOnObjectWithNull" />
    </UnitTest>
    <UnitTest name="TryDoOnObjectWithExceptionImplicit1" storage="d:\opensource\monads\monads.tests\bin\debug\monads.tests.dll" id="4c4b490e-82bf-81d9-05ec-7eb07951709d">
      <Execution id="ce67e8ca-e573-4a90-bf11-22cf2d97f79c" />
      <TestMethod codeBase="D:/OpenSource/Monads/Monads.Tests/bin/Debug/Monads.Tests.DLL" adapterTypeName="Microsoft.VisualStudio.TestTools.TestTypes.Unit.UnitTestAdapter, Microsoft.VisualStudio.QualityTools.Tips.UnitTest.Adapter, Version=10.0.0.0, Culture=neutral, PublicKeyToken=b03f5f7f11d50a3a" className="Monads.Tests.MaybeTests, Monads.Tests, Version=1.0.0.0, Culture=neutral, PublicKeyToken=null" name="TryDoOnObjectWithExceptionImplicit1" />
    </UnitTest>
    <UnitTest name="IfNotOnObjectWithValue" storage="d:\opensource\monads\monads.tests\bin\debug\monads.tests.dll" id="9e8ec41c-1209-aa80-888e-d51fa5c223ef">
      <Execution id="a0c6d77f-3d23-4814-9ed2-92366b35bcfe" />
      <TestMethod codeBase="D:/OpenSource/Monads/Monads.Tests/bin/Debug/Monads.Tests.DLL" adapterTypeName="Microsoft.VisualStudio.TestTools.TestTypes.Unit.UnitTestAdapter, Microsoft.VisualStudio.QualityTools.Tips.UnitTest.Adapter, Version=10.0.0.0, Culture=neutral, PublicKeyToken=b03f5f7f11d50a3a" className="Monads.Tests.MaybeTests, Monads.Tests, Version=1.0.0.0, Culture=neutral, PublicKeyToken=null" name="IfNotOnObjectWithValue" />
    </UnitTest>
  </TestDefinitions>
  <TestLists>
    <TestList name="Results Not in a List" id="8c84fa94-04c1-424b-9868-57a2d4851a1d" />
    <TestList name="All Loaded Results" id="19431567-8539-422a-85d7-44ee4e166bda" />
  </TestLists>
  <TestEntries>
    <TestEntry testId="0a31d34c-1442-0d40-7fb2-1e136a64d8a2" executionId="0a907a65-738b-46b8-804a-b0ea43af078b" testListId="8c84fa94-04c1-424b-9868-57a2d4851a1d" />
    <TestEntry testId="1c385e86-5f2f-3565-92a1-6dc2ff4cc9c3" executionId="0d1c37d2-88ca-44fa-8c16-00cecfa6f64e" testListId="8c84fa94-04c1-424b-9868-57a2d4851a1d" />
    <TestEntry testId="3c6901df-f833-fd6b-fdc7-8bc052e43b45" executionId="8909d941-88f9-4dec-b940-cbe47168396b" testListId="8c84fa94-04c1-424b-9868-57a2d4851a1d" />
    <TestEntry testId="3dbecde9-dfb8-3136-8c6d-bd2aa54ed6e2" executionId="bea3400e-0406-45f1-b0c0-5ce861d5f3df" testListId="8c84fa94-04c1-424b-9868-57a2d4851a1d" />
    <TestEntry testId="4762ab7f-b795-4132-280a-542bb519199d" executionId="dabfc8cc-2475-4487-9079-439576068d03" testListId="8c84fa94-04c1-424b-9868-57a2d4851a1d" />
    <TestEntry testId="4c4b490e-82bf-81d9-05ec-7eb07951709d" executionId="ce67e8ca-e573-4a90-bf11-22cf2d97f79c" testListId="8c84fa94-04c1-424b-9868-57a2d4851a1d" />
    <TestEntry testId="536e4704-0b70-7f54-c643-68ceb1027b1d" executionId="d8c73225-904e-46bf-b102-c16b452abb3e" testListId="8c84fa94-04c1-424b-9868-57a2d4851a1d" />
    <TestEntry testId="5a003b26-6f6b-c364-a42f-540bcd90efc3" executionId="88368e3c-2bcd-4413-a783-8d2b4fbce20e" testListId="8c84fa94-04c1-424b-9868-57a2d4851a1d" />
    <TestEntry testId="5af9795c-c73d-fb39-bf6b-50c04c8ec890" executionId="2cec90aa-8b2b-4a2b-8816-ab8fbfe92d3e" testListId="8c84fa94-04c1-424b-9868-57a2d4851a1d" />
    <TestEntry testId="78b112a1-d20e-169c-db71-1c04d9daa8bf" executionId="02106a20-f5eb-44e2-9e45-c72b380d5ee8" testListId="8c84fa94-04c1-424b-9868-57a2d4851a1d" />
    <TestEntry testId="7e303737-1927-bfb4-8041-be806bafc89f" executionId="e6b9e526-7436-4a58-be0a-c45852cac40b" testListId="8c84fa94-04c1-424b-9868-57a2d4851a1d" />
    <TestEntry testId="8cd896e1-d3ee-92f5-9d53-c3e2578d646f" executionId="e4e09f85-a5fb-4210-8b49-f1f9a5359b93" testListId="8c84fa94-04c1-424b-9868-57a2d4851a1d" />
    <TestEntry testId="9e8ec41c-1209-aa80-888e-d51fa5c223ef" executionId="a0c6d77f-3d23-4814-9ed2-92366b35bcfe" testListId="8c84fa94-04c1-424b-9868-57a2d4851a1d" />
    <TestEntry testId="a3b9314f-08f5-0b08-ded8-0f45fc658350" executionId="151d64e3-1740-4f4d-b494-db1414a7f76d" testListId="8c84fa94-04c1-424b-9868-57a2d4851a1d" />
    <TestEntry testId="d06801cb-b188-6546-93d6-ac04f4afe609" executionId="510562fb-eca0-4b8c-9560-bb9e1b25cbbb" testListId="8c84fa94-04c1-424b-9868-57a2d4851a1d" />
    <TestEntry testId="db3ba8e7-ed68-a08f-0397-c51ddfa9cada" executionId="19496588-2689-4dcb-b3b5-869caefe6260" testListId="8c84fa94-04c1-424b-9868-57a2d4851a1d" />
    <TestEntry testId="e38d929c-a25e-10a6-50fa-2fc834800ee2" executionId="f6f9d64a-0099-4df1-bbd2-18ddf5fc3fc5" testListId="8c84fa94-04c1-424b-9868-57a2d4851a1d" />
    <TestEntry testId="f1eb2811-d940-512e-9730-3f8be1677e44" executionId="5d97fd5f-4b12-43d2-9db0-09e83d7fc066" testListId="8c84fa94-04c1-424b-9868-57a2d4851a1d" />
  </TestEntries>
  <Results>
    <UnitTestResult executionId="0a907a65-738b-46b8-804a-b0ea43af078b" testId="0a31d34c-1442-0d40-7fb2-1e136a64d8a2" testName="ReturnOnObjectWithNull" computerName="OOGWAY" duration="00:00:00.0204891" startTime="2011-05-21T09:55:14.4831203+06:00" endTime="2011-05-21T09:55:14.8051387+06:00" testType="13cdc9d9-ddb5-4fa4-a97d-d965ccfc6d4b" outcome="Passed" testListId="8c84fa94-04c1-424b-9868-57a2d4851a1d" relativeResultsDirectory="0a907a65-738b-46b8-804a-b0ea43af078b">
    </UnitTestResult>
    <UnitTestResult executionId="0d1c37d2-88ca-44fa-8c16-00cecfa6f64e" testId="1c385e86-5f2f-3565-92a1-6dc2ff4cc9c3" testName="DoOnObjectWithNull" computerName="OOGWAY" duration="00:00:00.0009880" startTime="2011-05-21T09:55:14.8221397+06:00" endTime="2011-05-21T09:55:14.8321403+06:00" testType="13cdc9d9-ddb5-4fa4-a97d-d965ccfc6d4b" outcome="Passed" testListId="8c84fa94-04c1-424b-9868-57a2d4851a1d" relativeResultsDirectory="0d1c37d2-88ca-44fa-8c16-00cecfa6f64e">
    </UnitTestResult>
    <UnitTestResult executionId="8909d941-88f9-4dec-b940-cbe47168396b" testId="3c6901df-f833-fd6b-fdc7-8bc052e43b45" testName="OfTypeOnString" computerName="OOGWAY" duration="00:00:00.0050677" startTime="2011-05-21T09:55:14.8461411+06:00" endTime="2011-05-21T09:55:14.8661422+06:00" testType="13cdc9d9-ddb5-4fa4-a97d-d965ccfc6d4b" outcome="Passed" testListId="8c84fa94-04c1-424b-9868-57a2d4851a1d" relativeResultsDirectory="8909d941-88f9-4dec-b940-cbe47168396b">
    </UnitTestResult>
    <UnitTestResult executionId="bea3400e-0406-45f1-b0c0-5ce861d5f3df" testId="3dbecde9-dfb8-3136-8c6d-bd2aa54ed6e2" testName="RecoverOnObjectWithValue" computerName="OOGWAY" duration="00:00:00.0060408" startTime="2011-05-21T09:55:14.8691424+06:00" endTime="2011-05-21T09:55:14.8911436+06:00" testType="13cdc9d9-ddb5-4fa4-a97d-d965ccfc6d4b" outcome="Passed" testListId="8c84fa94-04c1-424b-9868-57a2d4851a1d" relativeResultsDirectory="bea3400e-0406-45f1-b0c0-5ce861d5f3df">
    </UnitTestResult>
    <UnitTestResult executionId="dabfc8cc-2475-4487-9079-439576068d03" testId="4762ab7f-b795-4132-280a-542bb519199d" testName="WithOnObjectWithValue" computerName="OOGWAY" duration="00:00:00.0022699" startTime="2011-05-21T09:55:14.8991441+06:00" endTime="2011-05-21T09:55:14.9041444+06:00" testType="13cdc9d9-ddb5-4fa4-a97d-d965ccfc6d4b" outcome="Passed" testListId="8c84fa94-04c1-424b-9868-57a2d4851a1d" relativeResultsDirectory="dabfc8cc-2475-4487-9079-439576068d03">
    </UnitTestResult>
    <UnitTestResult executionId="ce67e8ca-e573-4a90-bf11-22cf2d97f79c" testId="4c4b490e-82bf-81d9-05ec-7eb07951709d" testName="TryDoOnObjectWithExceptionImplicit1" computerName="OOGWAY" duration="00:00:00.0299552" startTime="2011-05-21T09:55:14.9071446+06:00" endTime="2011-05-21T09:55:14.9411465+06:00" testType="13cdc9d9-ddb5-4fa4-a97d-d965ccfc6d4b" outcome="Failed" testListId="8c84fa94-04c1-424b-9868-57a2d4851a1d" relativeResultsDirectory="ce67e8ca-e573-4a90-bf11-22cf2d97f79c">
      <Output>
        <ErrorInfo>
          <Message>Test method Monads.Tests.MaybeTests.TryDoOnObjectWithExceptionImplicit1 threw exception: 
System.NullReferenceException: Ссылка на объект не указывает на экземпляр объекта.</Message>
          <StackTrace>    в System.Monads.Maybe.TryDo[TSource](TSource source, Action`1 action, Type[] excepectedExceptions) в D:\OpenSource\Monads\Monads\Maybe.cs:строка 126
   в Monads.Tests.MaybeTests.TryDoOnObjectWithExceptionImplicit1() в D:\OpenSource\Monads\Monads.Tests\MaybeTests.cs:строка 198
</StackTrace>
        </ErrorInfo>
      </Output>
    </UnitTestResult>
    <UnitTestResult executionId="d8c73225-904e-46bf-b102-c16b452abb3e" testId="536e4704-0b70-7f54-c643-68ceb1027b1d" testName="TryDoOnObjectWithValueNoException" computerName="OOGWAY" duration="00:00:00.0018400" startTime="2011-05-21T09:55:14.9541472+06:00" endTime="2011-05-21T09:55:14.9621477+06:00" testType="13cdc9d9-ddb5-4fa4-a97d-d965ccfc6d4b" outcome="Passed" testListId="8c84fa94-04c1-424b-9868-57a2d4851a1d" relativeResultsDirectory="d8c73225-904e-46bf-b102-c16b452abb3e">
    </UnitTestResult>
    <UnitTestResult executionId="88368e3c-2bcd-4413-a783-8d2b4fbce20e" testId="5a003b26-6f6b-c364-a42f-540bcd90efc3" testName="ReturnOnObjectWithValue" computerName="OOGWAY" duration="00:00:00.0005641" startTime="2011-05-21T09:55:14.9691481+06:00" endTime="2011-05-21T09:55:14.9751485+06:00" testType="13cdc9d9-ddb5-4fa4-a97d-d965ccfc6d4b" outcome="Passed" testListId="8c84fa94-04c1-424b-9868-57a2d4851a1d" relativeResultsDirectory="88368e3c-2bcd-4413-a783-8d2b4fbce20e">
    </UnitTestResult>
    <UnitTestResult executionId="2cec90aa-8b2b-4a2b-8816-ab8fbfe92d3e" testId="5af9795c-c73d-fb39-bf6b-50c04c8ec890" testName="TryDoOnObjectWithNullNoException" computerName="OOGWAY" duration="00:00:00.0008212" startTime="2011-05-21T09:55:14.9821489+06:00" endTime="2011-05-21T09:55:14.9891493+06:00" testType="13cdc9d9-ddb5-4fa4-a97d-d965ccfc6d4b" outcome="Passed" testListId="8c84fa94-04c1-424b-9868-57a2d4851a1d" relativeResultsDirectory="2cec90aa-8b2b-4a2b-8816-ab8fbfe92d3e">
    </UnitTestResult>
    <UnitTestResult executionId="02106a20-f5eb-44e2-9e45-c72b380d5ee8" testId="78b112a1-d20e-169c-db71-1c04d9daa8bf" testName="WithOnObjectWithNull" computerName="OOGWAY" duration="00:00:00.0011009" startTime="2011-05-21T09:55:14.9951496+06:00" endTime="2011-05-21T09:55:15.0011499+06:00" testType="13cdc9d9-ddb5-4fa4-a97d-d965ccfc6d4b" outcome="Passed" testListId="8c84fa94-04c1-424b-9868-57a2d4851a1d" relativeResultsDirectory="02106a20-f5eb-44e2-9e45-c72b380d5ee8">
    </UnitTestResult>
    <UnitTestResult executionId="e6b9e526-7436-4a58-be0a-c45852cac40b" testId="7e303737-1927-bfb4-8041-be806bafc89f" testName="IfOnObjectWithNull" computerName="OOGWAY" duration="00:00:00.0015800" startTime="2011-05-21T09:55:15.0051502+06:00" endTime="2011-05-21T09:55:15.0111505+06:00" testType="13cdc9d9-ddb5-4fa4-a97d-d965ccfc6d4b" outcome="Passed" testListId="8c84fa94-04c1-424b-9868-57a2d4851a1d" relativeResultsDirectory="e6b9e526-7436-4a58-be0a-c45852cac40b">
    </UnitTestResult>
    <UnitTestResult executionId="e4e09f85-a5fb-4210-8b49-f1f9a5359b93" testId="8cd896e1-d3ee-92f5-9d53-c3e2578d646f" testName="OfTypeOnInt" computerName="OOGWAY" duration="00:00:00.0069946" startTime="2011-05-21T09:55:15.0261514+06:00" endTime="2011-05-21T09:55:15.0451525+06:00" testType="13cdc9d9-ddb5-4fa4-a97d-d965ccfc6d4b" outcome="Passed" testListId="8c84fa94-04c1-424b-9868-57a2d4851a1d" relativeResultsDirectory="e4e09f85-a5fb-4210-8b49-f1f9a5359b93">
    </UnitTestResult>
    <UnitTestResult executionId="a0c6d77f-3d23-4814-9ed2-92366b35bcfe" testId="9e8ec41c-1209-aa80-888e-d51fa5c223ef" testName="IfNotOnObjectWithValue" computerName="OOGWAY" duration="00:00:00.0052358" startTime="2011-05-21T09:55:15.0601533+06:00" endTime="2011-05-21T09:55:15.0811545+06:00" testType="13cdc9d9-ddb5-4fa4-a97d-d965ccfc6d4b" outcome="Passed" testListId="8c84fa94-04c1-424b-9868-57a2d4851a1d" relativeResultsDirectory="a0c6d77f-3d23-4814-9ed2-92366b35bcfe">
    </UnitTestResult>
    <UnitTestResult executionId="151d64e3-1740-4f4d-b494-db1414a7f76d" testId="a3b9314f-08f5-0b08-ded8-0f45fc658350" testName="IfNotOnObjectWithNull" computerName="OOGWAY" duration="00:00:00.0035240" startTime="2011-05-21T09:55:15.0961554+06:00" endTime="2011-05-21T09:55:15.1051559+06:00" testType="13cdc9d9-ddb5-4fa4-a97d-d965ccfc6d4b" outcome="Passed" testListId="8c84fa94-04c1-424b-9868-57a2d4851a1d" relativeResultsDirectory="151d64e3-1740-4f4d-b494-db1414a7f76d">
    </UnitTestResult>
    <UnitTestResult executionId="510562fb-eca0-4b8c-9560-bb9e1b25cbbb" testId="d06801cb-b188-6546-93d6-ac04f4afe609" testName="TryDoOnObjectWithException" computerName="OOGWAY" duration="00:00:00.0012682" startTime="2011-05-21T09:55:15.1091561+06:00" endTime="2011-05-21T09:55:15.1171566+06:00" testType="13cdc9d9-ddb5-4fa4-a97d-d965ccfc6d4b" outcome="Passed" testListId="8c84fa94-04c1-424b-9868-57a2d4851a1d" relativeResultsDirectory="510562fb-eca0-4b8c-9560-bb9e1b25cbbb">
    </UnitTestResult>
    <UnitTestResult executionId="19496588-2689-4dcb-b3b5-869caefe6260" testId="db3ba8e7-ed68-a08f-0397-c51ddfa9cada" testName="OfTypeOnIntVsString" computerName="OOGWAY" duration="00:00:00.0003862" startTime="2011-05-21T09:55:15.1231569+06:00" endTime="2011-05-21T09:55:15.1281572+06:00" testType="13cdc9d9-ddb5-4fa4-a97d-d965ccfc6d4b" outcome="Passed" testListId="8c84fa94-04c1-424b-9868-57a2d4851a1d" relativeResultsDirectory="19496588-2689-4dcb-b3b5-869caefe6260">
    </UnitTestResult>
    <UnitTestResult executionId="f6f9d64a-0099-4df1-bbd2-18ddf5fc3fc5" testId="e38d929c-a25e-10a6-50fa-2fc834800ee2" testName="IfOnObjectWithValue" computerName="OOGWAY" duration="00:00:00.0009495" startTime="2011-05-21T09:55:15.1321574+06:00" endTime="2011-05-21T09:55:15.1371577+06:00" testType="13cdc9d9-ddb5-4fa4-a97d-d965ccfc6d4b" outcome="Passed" testListId="8c84fa94-04c1-424b-9868-57a2d4851a1d" relativeResultsDirectory="f6f9d64a-0099-4df1-bbd2-18ddf5fc3fc5">
    </UnitTestResult>
    <UnitTestResult executionId="5d97fd5f-4b12-43d2-9db0-09e83d7fc066" testId="f1eb2811-d940-512e-9730-3f8be1677e44" testName="DoOnObjectWithValue" computerName="OOGWAY" duration="00:00:00.0007138" startTime="2011-05-21T09:55:15.1411579+06:00" endTime="2011-05-21T09:55:15.1471583+06:00" testType="13cdc9d9-ddb5-4fa4-a97d-d965ccfc6d4b" outcome="Passed" testListId="8c84fa94-04c1-424b-9868-57a2d4851a1d" relativeResultsDirectory="5d97fd5f-4b12-43d2-9db0-09e83d7fc066">
    </UnitTestResult>
  </Results>
</TestRun>